---------------------------------------------------------------
[ 2018-01-05T13:05:55+08:00 ] 127.0.0.1 127.0.0.1 GET /
[ info ] www.pro.com/ [运行时间：5.394308s][吞吐率：0.19req/s] [内存消耗：4,166.98kb] [文件加载：45]
[ info ] [ LANG ] D:\wamp6\wamp64\www\recruit\thinkphp\lang\zh-cn.php
[ info ] [ ROUTE ] array (
  'type' => 'module',
  'module' => 
  array (
    0 => '',
    1 => NULL,
    2 => NULL,
  ),
)
[ info ] [ HEADER ] array (
  'host' => 'www.pro.com',
  'connection' => 'keep-alive',
  'upgrade-insecure-requests' => '1',
  'user-agent' => 'Mozilla/5.0 (Windows NT 6.1; WOW64) AppleWebKit/537.36 (KHTML, like Gecko) Chrome/60.0.3112.101 Safari/537.36',
  'accept' => 'text/html,application/xhtml+xml,application/xml;q=0.9,image/webp,image/apng,*/*;q=0.8',
  'accept-encoding' => 'gzip, deflate',
  'accept-language' => 'zh-CN,zh;q=0.8',
)
[ info ] [ PARAM ] array (
)
[ info ] [ SESSION ] INIT array (
  'id' => '',
  'var_session_id' => '',
  'prefix' => 'think',
  'type' => '',
  'auto_start' => true,
)
[ info ] [ DB ] INIT mysql
[ info ] [ RUN ] app\index\controller\Index->index[ D:\wamp6\wamp64\www\recruit\application\index\controller\Index.php ]
[ info ] [ VIEW ] D:\wamp6\wamp64\www\recruit\public/../application/index\view\index\index.html [ array (
  0 => 'navlist',
  1 => 'footer',
  2 => 'nav',
  3 => 'data',
  4 => 'coursedata',
  5 => 'companydata',
) ]
[ info ] [ LOG ] INIT File
[ sql ] [ DB ] CONNECT:[ UseTime:0.293017s ] mysql:host=119.23.51.37;port=3306;dbname=recruit;charset=utf8
[ sql ] [ SQL ] SHOW COLUMNS FROM `re_nav` [ RunTime:0.030002s ]
[ sql ] [ SQL ] SELECT * FROM `re_nav` WHERE  `status` = '1' ORDER BY `sortid` [ RunTime:0.026001s ]
[ sql ] [ SQL ] SHOW COLUMNS FROM `re_page` [ RunTime:0.027002s ]
[ sql ] [ SQL ] SELECT `content`,`pageid` FROM `re_page` WHERE  `column` = '站点信息' LIMIT 1 [ RunTime:0.030001s ]
[ sql ] [ SQL ] SELECT `title`,`content` FROM `re_page` WHERE  `column` = '首页介绍' LIMIT 1 [ RunTime:0.028001s ]
[ sql ] [ SQL ] SHOW COLUMNS FROM `re_course` [ RunTime:0.026002s ]
[ sql ] [ SQL ] SELECT `courseid`,`name`,`label_img`,`price`,`desc` FROM `re_course` WHERE  `is_show` = '1' [ RunTime:0.029002s ]
[ sql ] [ SQL ] SHOW COLUMNS FROM `re_company` [ RunTime:0.025001s ]
[ sql ] [ SQL ] SELECT `cid`,`avastar` FROM `re_company` WHERE  `status` = '1' [ RunTime:0.026002s ]
---------------------------------------------------------------
[ 2018-01-05T20:41:10+08:00 ] 127.0.0.1 127.0.0.1 GET /
[ info ] www.pro.com/ [运行时间：1.074061s][吞吐率：0.93req/s] [内存消耗：4,166.99kb] [文件加载：45]
[ info ] [ LANG ] D:\wamp6\wamp64\www\recruit\thinkphp\lang\zh-cn.php
[ info ] [ ROUTE ] array (
  'type' => 'module',
  'module' => 
  array (
    0 => '',
    1 => NULL,
    2 => NULL,
  ),
)
[ info ] [ HEADER ] array (
  'host' => 'www.pro.com',
  'connection' => 'keep-alive',
  'upgrade-insecure-requests' => '1',
  'user-agent' => 'Mozilla/5.0 (Windows NT 6.1; WOW64) AppleWebKit/537.36 (KHTML, like Gecko) Chrome/60.0.3112.101 Safari/537.36',
  'accept' => 'text/html,application/xhtml+xml,application/xml;q=0.9,image/webp,image/apng,*/*;q=0.8',
  'accept-encoding' => 'gzip, deflate',
  'accept-language' => 'zh-CN,zh;q=0.8',
)
[ info ] [ PARAM ] array (
)
[ info ] [ SESSION ] INIT array (
  'id' => '',
  'var_session_id' => '',
  'prefix' => 'think',
  'type' => '',
  'auto_start' => true,
)
[ info ] [ DB ] INIT mysql
[ info ] [ RUN ] app\index\controller\Index->index[ D:\wamp6\wamp64\www\recruit\application\index\controller\Index.php ]
[ info ] [ VIEW ] D:\wamp6\wamp64\www\recruit\public/../application/index\view\index\index.html [ array (
  0 => 'navlist',
  1 => 'footer',
  2 => 'nav',
  3 => 'data',
  4 => 'coursedata',
  5 => 'companydata',
) ]
[ info ] [ LOG ] INIT File
[ sql ] [ DB ] CONNECT:[ UseTime:0.031002s ] mysql:host=119.23.51.37;port=3306;dbname=recruit;charset=utf8
[ sql ] [ SQL ] SHOW COLUMNS FROM `re_nav` [ RunTime:0.021001s ]
[ sql ] [ SQL ] SELECT * FROM `re_nav` WHERE  `status` = '1' ORDER BY `sortid` [ RunTime:0.021002s ]
[ sql ] [ SQL ] SHOW COLUMNS FROM `re_page` [ RunTime:0.027001s ]
[ sql ] [ SQL ] SELECT `content`,`pageid` FROM `re_page` WHERE  `column` = '站点信息' LIMIT 1 [ RunTime:0.021002s ]
[ sql ] [ SQL ] SELECT `title`,`content` FROM `re_page` WHERE  `column` = '首页介绍' LIMIT 1 [ RunTime:0.020001s ]
[ sql ] [ SQL ] SHOW COLUMNS FROM `re_course` [ RunTime:0.021001s ]
[ sql ] [ SQL ] SELECT `courseid`,`name`,`label_img`,`price`,`desc` FROM `re_course` WHERE  `is_show` = '1' [ RunTime:0.021001s ]
[ sql ] [ SQL ] SHOW COLUMNS FROM `re_company` [ RunTime:0.021001s ]
[ sql ] [ SQL ] SELECT `cid`,`avastar` FROM `re_company` WHERE  `status` = '1' [ RunTime:0.022001s ]
---------------------------------------------------------------
[ 2018-01-05T22:41:18+08:00 ] 127.0.0.1 127.0.0.1 GET /
[ info ] 127.0.0.1/ [运行时间：8.519487s][吞吐率：0.12req/s] [内存消耗：4,167.16kb] [文件加载：45]
[ info ] [ LANG ] D:\wamp6\wamp64\www\recruit\thinkphp\lang\zh-cn.php
[ info ] [ ROUTE ] array (
  'type' => 'module',
  'module' => 
  array (
    0 => '',
    1 => NULL,
    2 => NULL,
  ),
)
[ info ] [ HEADER ] array (
  'host' => '127.0.0.1',
  'connection' => 'keep-alive',
  'accept' => 'text/html,application/xhtml+xml,application/xml;q=0.9,image/webp,*/*;q=0.8',
  'upgrade-insecure-requests' => '1',
  'user-agent' => 'Mozilla/5.0 (Windows NT 6.1; WOW64) AppleWebKit/537.36 (KHTML, like Gecko) Chrome/49.0.2623.221 Safari/537.36 SE 2.X MetaSr 1.0',
  'accept-encoding' => 'gzip, deflate, sdch',
  'accept-language' => 'zh-CN,zh;q=0.8',
  'cookie' => 'PHPSESSID=758n9bf6ivvrrrbhaaca2sel71',
)
[ info ] [ PARAM ] array (
)
[ info ] [ SESSION ] INIT array (
  'id' => '',
  'var_session_id' => '',
  'prefix' => 'think',
  'type' => '',
  'auto_start' => true,
)
[ info ] [ DB ] INIT mysql
[ info ] [ RUN ] app\index\controller\Index->index[ D:\wamp6\wamp64\www\recruit\application\index\controller\Index.php ]
[ info ] [ VIEW ] D:\wamp6\wamp64\www\recruit\public/../application/index\view\index\index.html [ array (
  0 => 'navlist',
  1 => 'footer',
  2 => 'nav',
  3 => 'data',
  4 => 'coursedata',
  5 => 'companydata',
) ]
[ info ] [ LOG ] INIT File
[ sql ] [ DB ] CONNECT:[ UseTime:0.035002s ] mysql:host=119.23.51.37;port=3306;dbname=recruit;charset=utf8
[ sql ] [ SQL ] SHOW COLUMNS FROM `re_nav` [ RunTime:0.023001s ]
[ sql ] [ SQL ] SELECT * FROM `re_nav` WHERE  `status` = '1' ORDER BY `sortid` [ RunTime:0.024002s ]
[ sql ] [ SQL ] SHOW COLUMNS FROM `re_page` [ RunTime:0.024001s ]
[ sql ] [ SQL ] SELECT `content`,`pageid` FROM `re_page` WHERE  `column` = '站点信息' LIMIT 1 [ RunTime:0.022001s ]
[ sql ] [ SQL ] SELECT `title`,`content` FROM `re_page` WHERE  `column` = '首页介绍' LIMIT 1 [ RunTime:0.022002s ]
[ sql ] [ SQL ] SHOW COLUMNS FROM `re_course` [ RunTime:0.023001s ]
[ sql ] [ SQL ] SELECT `courseid`,`name`,`label_img`,`price`,`desc` FROM `re_course` WHERE  `is_show` = '1' [ RunTime:0.025002s ]
[ sql ] [ SQL ] SHOW COLUMNS FROM `re_company` [ RunTime:0.026001s ]
[ sql ] [ SQL ] SELECT `cid`,`avastar` FROM `re_company` WHERE  `status` = '1' [ RunTime:0.028002s ]
---------------------------------------------------------------
[ 2018-01-05T22:41:18+08:00 ] ::1 ::1 GET /
[ info ] localhost/ [运行时间：8.520487s][吞吐率：0.12req/s] [内存消耗：4,167.15kb] [文件加载：45]
[ info ] [ LANG ] D:\wamp6\wamp64\www\recruit\thinkphp\lang\zh-cn.php
[ info ] [ ROUTE ] array (
  'type' => 'module',
  'module' => 
  array (
    0 => '',
    1 => NULL,
    2 => NULL,
  ),
)
[ info ] [ HEADER ] array (
  'host' => 'localhost',
  'connection' => 'keep-alive',
  'accept' => 'text/html,application/xhtml+xml,application/xml;q=0.9,image/webp,*/*;q=0.8',
  'upgrade-insecure-requests' => '1',
  'user-agent' => 'Mozilla/5.0 (Windows NT 6.1; WOW64) AppleWebKit/537.36 (KHTML, like Gecko) Chrome/49.0.2623.221 Safari/537.36 SE 2.X MetaSr 1.0',
  'accept-encoding' => 'gzip, deflate, sdch',
  'accept-language' => 'zh-CN,zh;q=0.8',
  'cookie' => 'pgv_pvi=8346048512; color=Green color; PHPSESSID=gqbka898sof32317k85fssrqr7',
)
[ info ] [ PARAM ] array (
)
[ info ] [ SESSION ] INIT array (
  'id' => '',
  'var_session_id' => '',
  'prefix' => 'think',
  'type' => '',
  'auto_start' => true,
)
[ info ] [ DB ] INIT mysql
[ info ] [ RUN ] app\index\controller\Index->index[ D:\wamp6\wamp64\www\recruit\application\index\controller\Index.php ]
[ info ] [ VIEW ] D:\wamp6\wamp64\www\recruit\public/../application/index\view\index\index.html [ array (
  0 => 'navlist',
  1 => 'footer',
  2 => 'nav',
  3 => 'data',
  4 => 'coursedata',
  5 => 'companydata',
) ]
[ info ] [ LOG ] INIT File
[ sql ] [ DB ] CONNECT:[ UseTime:0.126007s ] mysql:host=119.23.51.37;port=3306;dbname=recruit;charset=utf8
[ sql ] [ SQL ] SHOW COLUMNS FROM `re_nav` [ RunTime:0.025001s ]
[ sql ] [ SQL ] SELECT * FROM `re_nav` WHERE  `status` = '1' ORDER BY `sortid` [ RunTime:0.028002s ]
[ sql ] [ SQL ] SHOW COLUMNS FROM `re_page` [ RunTime:0.028002s ]
[ sql ] [ SQL ] SELECT `content`,`pageid` FROM `re_page` WHERE  `column` = '站点信息' LIMIT 1 [ RunTime:0.024001s ]
[ sql ] [ SQL ] SELECT `title`,`content` FROM `re_page` WHERE  `column` = '首页介绍' LIMIT 1 [ RunTime:0.033002s ]
[ sql ] [ SQL ] SHOW COLUMNS FROM `re_course` [ RunTime:0.026002s ]
[ sql ] [ SQL ] SELECT `courseid`,`name`,`label_img`,`price`,`desc` FROM `re_course` WHERE  `is_show` = '1' [ RunTime:0.030001s ]
[ sql ] [ SQL ] SHOW COLUMNS FROM `re_company` [ RunTime:0.027002s ]
[ sql ] [ SQL ] SELECT `cid`,`avastar` FROM `re_company` WHERE  `status` = '1' [ RunTime:0.026002s ]
