---------------------------------------------------------------
[ 2018-01-19T22:04:19+08:00 ] 127.0.0.1 127.0.0.1 GET /static/js/swiper.min.js.map
[ info ] www.rec.com/static/js/swiper.min.js.map [运行时间：0.106006s][吞吐率：9.43req/s] [内存消耗：1,911.38kb] [文件加载：30]
[ info ] [ LANG ] D:\wamp6\wamp64\www\recruit\thinkphp\lang\zh-cn.php
[ info ] [ ROUTE ] array (
  'type' => 'module',
  'module' => 
  array (
    0 => 'static',
    1 => 'js',
    2 => 'swiper.min.js.map',
  ),
)
[ info ] [ HEADER ] array (
  'host' => 'www.rec.com',
  'connection' => 'keep-alive',
  'user-agent' => 'Mozilla/5.0 (Windows NT 6.1; Win64; x64) AppleWebKit/537.36 (KHTML, like Gecko) Chrome/60.0.3112.113 Safari/537.36',
  'accept-encoding' => 'gzip, deflate',
  'accept-language' => 'zh-CN,zh;q=0.8',
)
[ info ] [ PARAM ] array (
)
[ info ] [ LOG ] INIT File
---------------------------------------------------------------
[ 2018-01-19T22:04:19+08:00 ] 127.0.0.1 127.0.0.1 GET /position/index/allposition.html?page=1
[ info ] www.rec.com/position/index/allposition.html?page=1 [运行时间：0.147009s][吞吐率：6.80req/s] [内存消耗：3,731.27kb] [文件加载：42]
[ info ] [ LANG ] D:\wamp6\wamp64\www\recruit\thinkphp\lang\zh-cn.php
[ info ] [ ROUTE ] array (
  'type' => 'module',
  'module' => 
  array (
    0 => 'position',
    1 => 'index',
    2 => 'allposition',
  ),
)
[ info ] [ HEADER ] array (
  'host' => 'www.rec.com',
  'connection' => 'keep-alive',
  'accept' => '*/*',
  'x-requested-with' => 'XMLHttpRequest',
  'user-agent' => 'Mozilla/5.0 (iPhone; CPU iPhone OS 9_1 like Mac OS X) AppleWebKit/601.1.46 (KHTML, like Gecko) Version/9.0 Mobile/13B143 Safari/601.1 wechatdevtools/1.02.1801081 MicroMessenger/6.5.7 Language/zh_CN webview/1516366493919487 webdebugger port/9974',
  'referer' => 'http://www.rec.com/position/index/index',
  'accept-encoding' => 'gzip, deflate',
  'accept-language' => 'zh-CN,zh;q=0.8',
  'cookie' => 'rec_openid=oNnLYsk8-NJdJmW7xQY6rScC1268',
)
[ info ] [ PARAM ] array (
  'page' => '1',
)
[ info ] [ RUN ] app\position\controller\Index->allposition[ D:\wamp6\wamp64\www\recruit\application\position\controller\Index.php ]
[ info ] [ DB ] INIT mysql
[ info ] [ LOG ] INIT File
[ sql ] [ DB ] CONNECT:[ UseTime:0.029002s ] mysql:host=119.23.51.37;port=3306;dbname=recruit;charset=utf8
[ sql ] [ SQL ] SHOW COLUMNS FROM `re_position` [ RunTime:0.019001s ]
[ sql ] [ SQL ] SELECT `position`.*,`company`.`name` AS `cname`,`company`.`fullname` AS `cfname` FROM `re_position` `position` INNER JOIN `re_company` `company` ON `company`.`cid`=`position`.`cid` WHERE  `is_show` = '1' ORDER BY createtime desc LIMIT 0,4 [ RunTime:0.024001s ]
---------------------------------------------------------------
[ 2018-01-19T22:04:23+08:00 ] 127.0.0.1 127.0.0.1 GET /position/index/subposition.html?page=1
[ info ] www.rec.com/position/index/subposition.html?page=1 [运行时间：0.124007s][吞吐率：8.06req/s] [内存消耗：3,730.81kb] [文件加载：42]
[ info ] [ LANG ] D:\wamp6\wamp64\www\recruit\thinkphp\lang\zh-cn.php
[ info ] [ ROUTE ] array (
  'type' => 'module',
  'module' => 
  array (
    0 => 'position',
    1 => 'index',
    2 => 'subposition',
  ),
)
[ info ] [ HEADER ] array (
  'host' => 'www.rec.com',
  'connection' => 'keep-alive',
  'accept' => '*/*',
  'x-requested-with' => 'XMLHttpRequest',
  'user-agent' => 'Mozilla/5.0 (iPhone; CPU iPhone OS 9_1 like Mac OS X) AppleWebKit/601.1.46 (KHTML, like Gecko) Version/9.0 Mobile/13B143 Safari/601.1 wechatdevtools/1.02.1801081 MicroMessenger/6.5.7 Language/zh_CN webview/1516366493919487 webdebugger port/9974',
  'referer' => 'http://www.rec.com/position/index/index',
  'accept-encoding' => 'gzip, deflate',
  'accept-language' => 'zh-CN,zh;q=0.8',
  'cookie' => 'rec_openid=oNnLYsk8-NJdJmW7xQY6rScC1268',
)
[ info ] [ PARAM ] array (
  'page' => '1',
)
[ info ] [ RUN ] app\position\controller\Index->subposition[ D:\wamp6\wamp64\www\recruit\application\position\controller\Index.php ]
[ info ] [ DB ] INIT mysql
[ info ] [ LOG ] INIT File
[ sql ] [ DB ] CONNECT:[ UseTime:0.029001s ] mysql:host=119.23.51.37;port=3306;dbname=recruit;charset=utf8
[ sql ] [ SQL ] SHOW COLUMNS FROM `re_position` [ RunTime:0.019001s ]
[ sql ] [ SQL ] SELECT `position`.*,`company`.`name` AS `cname`,`company`.`fullname` AS `cfname` FROM `re_position` `position` INNER JOIN `re_company` `company` ON `company`.`cid`=`position`.`cid` WHERE  `position`.`status` = 1  AND `position`.`is_subsidy` = 1 ORDER BY createtime desc LIMIT 0,4 [ RunTime:0.023001s ]
---------------------------------------------------------------
[ 2018-01-19T22:04:51+08:00 ] 127.0.0.1 127.0.0.1 GET /position/index/index
[ info ] www.rec.com/position/index/index [运行时间：0.047002s][吞吐率：21.28req/s] [内存消耗：2,754.09kb] [文件加载：38]
[ info ] [ LANG ] D:\wamp6\wamp64\www\recruit\thinkphp\lang\zh-cn.php
[ info ] [ ROUTE ] array (
  'type' => 'module',
  'module' => 
  array (
    0 => 'position',
    1 => 'index',
    2 => 'index',
  ),
)
[ info ] [ HEADER ] array (
  'host' => 'www.rec.com',
  'connection' => 'keep-alive',
  'cache-control' => 'max-age=0',
  'upgrade-insecure-requests' => '1',
  'user-agent' => 'Mozilla/5.0 (iPhone; CPU iPhone OS 9_1 like Mac OS X) AppleWebKit/601.1.46 (KHTML, like Gecko) Version/9.0 Mobile/13B143 Safari/601.1 wechatdevtools/1.02.1801081 MicroMessenger/6.5.7 Language/zh_CN webview/1516366493919487 webdebugger port/9974',
  'accept' => 'text/html,application/xhtml+xml,application/xml;q=0.9,image/webp,image/apng,*/*;q=0.8',
  'accept-encoding' => 'gzip, deflate',
  'accept-language' => 'zh-CN,zh;q=0.8',
  'cookie' => 'rec_openid=oNnLYsk8-NJdJmW7xQY6rScC1268',
)
[ info ] [ PARAM ] array (
)
[ info ] [ RUN ] app\position\controller\Index->index[ D:\wamp6\wamp64\www\recruit\application\position\controller\Index.php ]
[ info ] [ VIEW ] D:\wamp6\wamp64\www\recruit\public/../application/position\view\index\index.html [ array (
) ]
[ info ] [ LOG ] INIT File
---------------------------------------------------------------
[ 2018-01-19T22:04:51+08:00 ] 127.0.0.1 127.0.0.1 GET /static/js/swiper.min.js.map
[ info ] www.rec.com/static/js/swiper.min.js.map [运行时间：0.041003s][吞吐率：24.39req/s] [内存消耗：1,911.19kb] [文件加载：30]
[ info ] [ LANG ] D:\wamp6\wamp64\www\recruit\thinkphp\lang\zh-cn.php
[ info ] [ ROUTE ] array (
  'type' => 'module',
  'module' => 
  array (
    0 => 'static',
    1 => 'js',
    2 => 'swiper.min.js.map',
  ),
)
[ info ] [ HEADER ] array (
  'host' => 'www.rec.com',
  'connection' => 'keep-alive',
  'user-agent' => 'Mozilla/5.0 (Windows NT 6.1; Win64; x64) AppleWebKit/537.36 (KHTML, like Gecko) Chrome/60.0.3112.113 Safari/537.36',
  'accept-encoding' => 'gzip, deflate',
  'accept-language' => 'zh-CN,zh;q=0.8',
)
[ info ] [ PARAM ] array (
)
[ info ] [ LOG ] INIT File
---------------------------------------------------------------
[ 2018-01-19T22:04:51+08:00 ] 127.0.0.1 127.0.0.1 GET /position/index/allposition.html?page=1
[ info ] www.rec.com/position/index/allposition.html?page=1 [运行时间：0.196011s][吞吐率：5.10req/s] [内存消耗：3,731.27kb] [文件加载：42]
[ info ] [ LANG ] D:\wamp6\wamp64\www\recruit\thinkphp\lang\zh-cn.php
[ info ] [ ROUTE ] array (
  'type' => 'module',
  'module' => 
  array (
    0 => 'position',
    1 => 'index',
    2 => 'allposition',
  ),
)
[ info ] [ HEADER ] array (
  'host' => 'www.rec.com',
  'connection' => 'keep-alive',
  'accept' => '*/*',
  'x-requested-with' => 'XMLHttpRequest',
  'user-agent' => 'Mozilla/5.0 (iPhone; CPU iPhone OS 9_1 like Mac OS X) AppleWebKit/601.1.46 (KHTML, like Gecko) Version/9.0 Mobile/13B143 Safari/601.1 wechatdevtools/1.02.1801081 MicroMessenger/6.5.7 Language/zh_CN webview/1516366493919487 webdebugger port/9974',
  'referer' => 'http://www.rec.com/position/index/index',
  'accept-encoding' => 'gzip, deflate',
  'accept-language' => 'zh-CN,zh;q=0.8',
  'cookie' => 'rec_openid=oNnLYsk8-NJdJmW7xQY6rScC1268',
)
[ info ] [ PARAM ] array (
  'page' => '1',
)
[ info ] [ RUN ] app\position\controller\Index->allposition[ D:\wamp6\wamp64\www\recruit\application\position\controller\Index.php ]
[ info ] [ DB ] INIT mysql
[ info ] [ LOG ] INIT File
[ sql ] [ DB ] CONNECT:[ UseTime:0.070004s ] mysql:host=119.23.51.37;port=3306;dbname=recruit;charset=utf8
[ sql ] [ SQL ] SHOW COLUMNS FROM `re_position` [ RunTime:0.028001s ]
[ sql ] [ SQL ] SELECT `position`.*,`company`.`name` AS `cname`,`company`.`fullname` AS `cfname` FROM `re_position` `position` INNER JOIN `re_company` `company` ON `company`.`cid`=`position`.`cid` WHERE  `is_show` = '1' ORDER BY createtime desc LIMIT 0,4 [ RunTime:0.029001s ]
---------------------------------------------------------------
[ 2018-01-19T22:04:54+08:00 ] 127.0.0.1 127.0.0.1 GET /position/index/subposition.html?page=1
[ info ] www.rec.com/position/index/subposition.html?page=1 [运行时间：0.121007s][吞吐率：8.26req/s] [内存消耗：3,730.81kb] [文件加载：42]
[ info ] [ LANG ] D:\wamp6\wamp64\www\recruit\thinkphp\lang\zh-cn.php
[ info ] [ ROUTE ] array (
  'type' => 'module',
  'module' => 
  array (
    0 => 'position',
    1 => 'index',
    2 => 'subposition',
  ),
)
[ info ] [ HEADER ] array (
  'host' => 'www.rec.com',
  'connection' => 'keep-alive',
  'accept' => '*/*',
  'x-requested-with' => 'XMLHttpRequest',
  'user-agent' => 'Mozilla/5.0 (iPhone; CPU iPhone OS 9_1 like Mac OS X) AppleWebKit/601.1.46 (KHTML, like Gecko) Version/9.0 Mobile/13B143 Safari/601.1 wechatdevtools/1.02.1801081 MicroMessenger/6.5.7 Language/zh_CN webview/1516366493919487 webdebugger port/9974',
  'referer' => 'http://www.rec.com/position/index/index',
  'accept-encoding' => 'gzip, deflate',
  'accept-language' => 'zh-CN,zh;q=0.8',
  'cookie' => 'rec_openid=oNnLYsk8-NJdJmW7xQY6rScC1268',
)
[ info ] [ PARAM ] array (
  'page' => '1',
)
[ info ] [ RUN ] app\position\controller\Index->subposition[ D:\wamp6\wamp64\www\recruit\application\position\controller\Index.php ]
[ info ] [ DB ] INIT mysql
[ info ] [ LOG ] INIT File
[ sql ] [ DB ] CONNECT:[ UseTime:0.027002s ] mysql:host=119.23.51.37;port=3306;dbname=recruit;charset=utf8
[ sql ] [ SQL ] SHOW COLUMNS FROM `re_position` [ RunTime:0.019001s ]
[ sql ] [ SQL ] SELECT `position`.*,`company`.`name` AS `cname`,`company`.`fullname` AS `cfname` FROM `re_position` `position` INNER JOIN `re_company` `company` ON `company`.`cid`=`position`.`cid` WHERE  `position`.`status` = 1  AND `position`.`is_subsidy` = 1 ORDER BY createtime desc LIMIT 0,4 [ RunTime:0.024001s ]
---------------------------------------------------------------
[ 2018-01-19T22:04:56+08:00 ] 127.0.0.1 127.0.0.1 GET /position/index/subposition.html?page=2
[ info ] www.rec.com/position/index/subposition.html?page=2 [运行时间：0.140008s][吞吐率：7.14req/s] [内存消耗：3,725.91kb] [文件加载：42]
[ info ] [ LANG ] D:\wamp6\wamp64\www\recruit\thinkphp\lang\zh-cn.php
[ info ] [ ROUTE ] array (
  'type' => 'module',
  'module' => 
  array (
    0 => 'position',
    1 => 'index',
    2 => 'subposition',
  ),
)
[ info ] [ HEADER ] array (
  'host' => 'www.rec.com',
  'connection' => 'keep-alive',
  'accept' => '*/*',
  'x-requested-with' => 'XMLHttpRequest',
  'user-agent' => 'Mozilla/5.0 (iPhone; CPU iPhone OS 9_1 like Mac OS X) AppleWebKit/601.1.46 (KHTML, like Gecko) Version/9.0 Mobile/13B143 Safari/601.1 wechatdevtools/1.02.1801081 MicroMessenger/6.5.7 Language/zh_CN webview/1516366493919487 webdebugger port/9974',
  'referer' => 'http://www.rec.com/position/index/index',
  'accept-encoding' => 'gzip, deflate',
  'accept-language' => 'zh-CN,zh;q=0.8',
  'cookie' => 'rec_openid=oNnLYsk8-NJdJmW7xQY6rScC1268',
)
[ info ] [ PARAM ] array (
  'page' => '2',
)
[ info ] [ RUN ] app\position\controller\Index->subposition[ D:\wamp6\wamp64\www\recruit\application\position\controller\Index.php ]
[ info ] [ DB ] INIT mysql
[ info ] [ LOG ] INIT File
[ sql ] [ DB ] CONNECT:[ UseTime:0.033002s ] mysql:host=119.23.51.37;port=3306;dbname=recruit;charset=utf8
[ sql ] [ SQL ] SHOW COLUMNS FROM `re_position` [ RunTime:0.032002s ]
[ sql ] [ SQL ] SELECT `position`.*,`company`.`name` AS `cname`,`company`.`fullname` AS `cfname` FROM `re_position` `position` INNER JOIN `re_company` `company` ON `company`.`cid`=`position`.`cid` WHERE  `position`.`status` = 1  AND `position`.`is_subsidy` = 1 ORDER BY createtime desc LIMIT 4,4 [ RunTime:0.022001s ]
---------------------------------------------------------------
[ 2018-01-19T22:05:07+08:00 ] 127.0.0.1 127.0.0.1 GET /position/index/allposition.html?page=1
[ info ] www.rec.com/position/index/allposition.html?page=1 [运行时间：0.145008s][吞吐率：6.90req/s] [内存消耗：3,731.27kb] [文件加载：42]
[ info ] [ LANG ] D:\wamp6\wamp64\www\recruit\thinkphp\lang\zh-cn.php
[ info ] [ ROUTE ] array (
  'type' => 'module',
  'module' => 
  array (
    0 => 'position',
    1 => 'index',
    2 => 'allposition',
  ),
)
[ info ] [ HEADER ] array (
  'host' => 'www.rec.com',
  'connection' => 'keep-alive',
  'accept' => '*/*',
  'x-requested-with' => 'XMLHttpRequest',
  'user-agent' => 'Mozilla/5.0 (iPhone; CPU iPhone OS 9_1 like Mac OS X) AppleWebKit/601.1.46 (KHTML, like Gecko) Version/9.0 Mobile/13B143 Safari/601.1 wechatdevtools/1.02.1801081 MicroMessenger/6.5.7 Language/zh_CN webview/1516366493919487 webdebugger port/9974',
  'referer' => 'http://www.rec.com/position/index/index',
  'accept-encoding' => 'gzip, deflate',
  'accept-language' => 'zh-CN,zh;q=0.8',
  'cookie' => 'rec_openid=oNnLYsk8-NJdJmW7xQY6rScC1268',
)
[ info ] [ PARAM ] array (
  'page' => '1',
)
[ info ] [ RUN ] app\position\controller\Index->allposition[ D:\wamp6\wamp64\www\recruit\application\position\controller\Index.php ]
[ info ] [ DB ] INIT mysql
[ info ] [ LOG ] INIT File
[ sql ] [ DB ] CONNECT:[ UseTime:0.042003s ] mysql:host=119.23.51.37;port=3306;dbname=recruit;charset=utf8
[ sql ] [ SQL ] SHOW COLUMNS FROM `re_position` [ RunTime:0.022001s ]
[ sql ] [ SQL ] SELECT `position`.*,`company`.`name` AS `cname`,`company`.`fullname` AS `cfname` FROM `re_position` `position` INNER JOIN `re_company` `company` ON `company`.`cid`=`position`.`cid` WHERE  `is_show` = '1' ORDER BY createtime desc LIMIT 0,4 [ RunTime:0.021001s ]
---------------------------------------------------------------
[ 2018-01-19T22:05:30+08:00 ] 127.0.0.1 127.0.0.1 GET /position/index/index
[ info ] www.rec.com/position/index/index [运行时间：0.057004s][吞吐率：17.54req/s] [内存消耗：2,472.69kb] [文件加载：36]
[ info ] [ LANG ] D:\wamp6\wamp64\www\recruit\thinkphp\lang\zh-cn.php
[ info ] [ ROUTE ] array (
  'type' => 'module',
  'module' => 
  array (
    0 => 'position',
    1 => 'index',
    2 => 'index',
  ),
)
[ info ] [ HEADER ] array (
  'host' => 'www.rec.com',
  'connection' => 'keep-alive',
  'cache-control' => 'max-age=0',
  'upgrade-insecure-requests' => '1',
  'user-agent' => 'Mozilla/5.0 (iPhone; CPU iPhone OS 9_1 like Mac OS X) AppleWebKit/601.1.46 (KHTML, like Gecko) Version/9.0 Mobile/13B143 Safari/601.1 wechatdevtools/1.02.1801081 MicroMessenger/6.5.7 Language/zh_CN webview/1516366493919487 webdebugger port/9974',
  'accept' => 'text/html,application/xhtml+xml,application/xml;q=0.9,image/webp,image/apng,*/*;q=0.8',
  'accept-encoding' => 'gzip, deflate',
  'accept-language' => 'zh-CN,zh;q=0.8',
  'cookie' => 'rec_openid=oNnLYsk8-NJdJmW7xQY6rScC1268',
)
[ info ] [ PARAM ] array (
)
[ info ] [ RUN ] app\position\controller\Index->index[ D:\wamp6\wamp64\www\recruit\application\position\controller\Index.php ]
[ info ] [ VIEW ] D:\wamp6\wamp64\www\recruit\public/../application/position\view\index\index.html [ array (
) ]
[ info ] [ LOG ] INIT File
---------------------------------------------------------------
[ 2018-01-19T22:05:30+08:00 ] 127.0.0.1 127.0.0.1 GET /static/js/swiper.min.js.map
[ info ] www.rec.com/static/js/swiper.min.js.map [运行时间：0.065003s][吞吐率：15.38req/s] [内存消耗：1,911.19kb] [文件加载：30]
[ info ] [ LANG ] D:\wamp6\wamp64\www\recruit\thinkphp\lang\zh-cn.php
[ info ] [ ROUTE ] array (
  'type' => 'module',
  'module' => 
  array (
    0 => 'static',
    1 => 'js',
    2 => 'swiper.min.js.map',
  ),
)
[ info ] [ HEADER ] array (
  'host' => 'www.rec.com',
  'connection' => 'keep-alive',
  'user-agent' => 'Mozilla/5.0 (Windows NT 6.1; Win64; x64) AppleWebKit/537.36 (KHTML, like Gecko) Chrome/60.0.3112.113 Safari/537.36',
  'accept-encoding' => 'gzip, deflate',
  'accept-language' => 'zh-CN,zh;q=0.8',
)
[ info ] [ PARAM ] array (
)
[ info ] [ LOG ] INIT File
---------------------------------------------------------------
[ 2018-01-19T22:05:30+08:00 ] 127.0.0.1 127.0.0.1 GET /position/index/allposition.html?page=1
[ info ] www.rec.com/position/index/allposition.html?page=1 [运行时间：0.157009s][吞吐率：6.37req/s] [内存消耗：3,731.27kb] [文件加载：42]
[ info ] [ LANG ] D:\wamp6\wamp64\www\recruit\thinkphp\lang\zh-cn.php
[ info ] [ ROUTE ] array (
  'type' => 'module',
  'module' => 
  array (
    0 => 'position',
    1 => 'index',
    2 => 'allposition',
  ),
)
[ info ] [ HEADER ] array (
  'host' => 'www.rec.com',
  'connection' => 'keep-alive',
  'accept' => '*/*',
  'x-requested-with' => 'XMLHttpRequest',
  'user-agent' => 'Mozilla/5.0 (iPhone; CPU iPhone OS 9_1 like Mac OS X) AppleWebKit/601.1.46 (KHTML, like Gecko) Version/9.0 Mobile/13B143 Safari/601.1 wechatdevtools/1.02.1801081 MicroMessenger/6.5.7 Language/zh_CN webview/1516366493919487 webdebugger port/9974',
  'referer' => 'http://www.rec.com/position/index/index',
  'accept-encoding' => 'gzip, deflate',
  'accept-language' => 'zh-CN,zh;q=0.8',
  'cookie' => 'rec_openid=oNnLYsk8-NJdJmW7xQY6rScC1268',
)
[ info ] [ PARAM ] array (
  'page' => '1',
)
[ info ] [ RUN ] app\position\controller\Index->allposition[ D:\wamp6\wamp64\www\recruit\application\position\controller\Index.php ]
[ info ] [ DB ] INIT mysql
[ info ] [ LOG ] INIT File
[ sql ] [ DB ] CONNECT:[ UseTime:0.034002s ] mysql:host=119.23.51.37;port=3306;dbname=recruit;charset=utf8
[ sql ] [ SQL ] SHOW COLUMNS FROM `re_position` [ RunTime:0.022001s ]
[ sql ] [ SQL ] SELECT `position`.*,`company`.`name` AS `cname`,`company`.`fullname` AS `cfname` FROM `re_position` `position` INNER JOIN `re_company` `company` ON `company`.`cid`=`position`.`cid` WHERE  `is_show` = '1' ORDER BY createtime desc LIMIT 0,4 [ RunTime:0.024001s ]
---------------------------------------------------------------
[ 2018-01-19T22:05:32+08:00 ] 127.0.0.1 127.0.0.1 GET /position/index/subposition.html?page=1
[ info ] www.rec.com/position/index/subposition.html?page=1 [运行时间：0.126007s][吞吐率：7.94req/s] [内存消耗：3,730.73kb] [文件加载：42]
[ info ] [ LANG ] D:\wamp6\wamp64\www\recruit\thinkphp\lang\zh-cn.php
[ info ] [ ROUTE ] array (
  'type' => 'module',
  'module' => 
  array (
    0 => 'position',
    1 => 'index',
    2 => 'subposition',
  ),
)
[ info ] [ HEADER ] array (
  'host' => 'www.rec.com',
  'connection' => 'keep-alive',
  'accept' => '*/*',
  'x-requested-with' => 'XMLHttpRequest',
  'user-agent' => 'Mozilla/5.0 (iPhone; CPU iPhone OS 9_1 like Mac OS X) AppleWebKit/601.1.46 (KHTML, like Gecko) Version/9.0 Mobile/13B143 Safari/601.1 wechatdevtools/1.02.1801081 MicroMessenger/6.5.7 Language/zh_CN webview/1516366493919487 webdebugger port/9974',
  'referer' => 'http://www.rec.com/position/index/index',
  'accept-encoding' => 'gzip, deflate',
  'accept-language' => 'zh-CN,zh;q=0.8',
  'cookie' => 'rec_openid=oNnLYsk8-NJdJmW7xQY6rScC1268',
)
[ info ] [ PARAM ] array (
  'page' => '1',
)
[ info ] [ RUN ] app\position\controller\Index->subposition[ D:\wamp6\wamp64\www\recruit\application\position\controller\Index.php ]
[ info ] [ DB ] INIT mysql
[ info ] [ LOG ] INIT File
[ sql ] [ DB ] CONNECT:[ UseTime:0.029001s ] mysql:host=119.23.51.37;port=3306;dbname=recruit;charset=utf8
[ sql ] [ SQL ] SHOW COLUMNS FROM `re_position` [ RunTime:0.020002s ]
[ sql ] [ SQL ] SELECT `position`.*,`company`.`name` AS `cname`,`company`.`fullname` AS `cfname` FROM `re_position` `position` INNER JOIN `re_company` `company` ON `company`.`cid`=`position`.`cid` WHERE  `position`.`is_show` = 1  AND `position`.`is_subsidy` = 1 ORDER BY createtime desc LIMIT 0,4 [ RunTime:0.020001s ]
---------------------------------------------------------------
[ 2018-01-19T22:05:35+08:00 ] 127.0.0.1 127.0.0.1 GET /position/index/allposition.html?page=1
[ info ] www.rec.com/position/index/allposition.html?page=1 [运行时间：0.130007s][吞吐率：7.69req/s] [内存消耗：3,731.27kb] [文件加载：42]
[ info ] [ LANG ] D:\wamp6\wamp64\www\recruit\thinkphp\lang\zh-cn.php
[ info ] [ ROUTE ] array (
  'type' => 'module',
  'module' => 
  array (
    0 => 'position',
    1 => 'index',
    2 => 'allposition',
  ),
)
[ info ] [ HEADER ] array (
  'host' => 'www.rec.com',
  'connection' => 'keep-alive',
  'accept' => '*/*',
  'x-requested-with' => 'XMLHttpRequest',
  'user-agent' => 'Mozilla/5.0 (iPhone; CPU iPhone OS 9_1 like Mac OS X) AppleWebKit/601.1.46 (KHTML, like Gecko) Version/9.0 Mobile/13B143 Safari/601.1 wechatdevtools/1.02.1801081 MicroMessenger/6.5.7 Language/zh_CN webview/1516366493919487 webdebugger port/9974',
  'referer' => 'http://www.rec.com/position/index/index',
  'accept-encoding' => 'gzip, deflate',
  'accept-language' => 'zh-CN,zh;q=0.8',
  'cookie' => 'rec_openid=oNnLYsk8-NJdJmW7xQY6rScC1268',
)
[ info ] [ PARAM ] array (
  'page' => '1',
)
[ info ] [ RUN ] app\position\controller\Index->allposition[ D:\wamp6\wamp64\www\recruit\application\position\controller\Index.php ]
[ info ] [ DB ] INIT mysql
[ info ] [ LOG ] INIT File
[ sql ] [ DB ] CONNECT:[ UseTime:0.030002s ] mysql:host=119.23.51.37;port=3306;dbname=recruit;charset=utf8
[ sql ] [ SQL ] SHOW COLUMNS FROM `re_position` [ RunTime:0.017001s ]
[ sql ] [ SQL ] SELECT `position`.*,`company`.`name` AS `cname`,`company`.`fullname` AS `cfname` FROM `re_position` `position` INNER JOIN `re_company` `company` ON `company`.`cid`=`position`.`cid` WHERE  `is_show` = '1' ORDER BY createtime desc LIMIT 0,4 [ RunTime:0.016001s ]
---------------------------------------------------------------
[ 2018-01-19T22:05:55+08:00 ] 127.0.0.1 127.0.0.1 GET /position/index/index
[ info ] www.rec.com/position/index/index [运行时间：0.054003s][吞吐率：18.52req/s] [内存消耗：2,472.69kb] [文件加载：36]
[ info ] [ LANG ] D:\wamp6\wamp64\www\recruit\thinkphp\lang\zh-cn.php
[ info ] [ ROUTE ] array (
  'type' => 'module',
  'module' => 
  array (
    0 => 'position',
    1 => 'index',
    2 => 'index',
  ),
)
[ info ] [ HEADER ] array (
  'host' => 'www.rec.com',
  'connection' => 'keep-alive',
  'cache-control' => 'max-age=0',
  'upgrade-insecure-requests' => '1',
  'user-agent' => 'Mozilla/5.0 (iPhone; CPU iPhone OS 9_1 like Mac OS X) AppleWebKit/601.1.46 (KHTML, like Gecko) Version/9.0 Mobile/13B143 Safari/601.1 wechatdevtools/1.02.1801081 MicroMessenger/6.5.7 Language/zh_CN webview/1516366493919487 webdebugger port/9974',
  'accept' => 'text/html,application/xhtml+xml,application/xml;q=0.9,image/webp,image/apng,*/*;q=0.8',
  'accept-encoding' => 'gzip, deflate',
  'accept-language' => 'zh-CN,zh;q=0.8',
  'cookie' => 'rec_openid=oNnLYsk8-NJdJmW7xQY6rScC1268',
)
[ info ] [ PARAM ] array (
)
[ info ] [ RUN ] app\position\controller\Index->index[ D:\wamp6\wamp64\www\recruit\application\position\controller\Index.php ]
[ info ] [ VIEW ] D:\wamp6\wamp64\www\recruit\public/../application/position\view\index\index.html [ array (
) ]
[ info ] [ LOG ] INIT File
---------------------------------------------------------------
[ 2018-01-19T22:05:56+08:00 ] 127.0.0.1 127.0.0.1 GET /static/js/swiper.min.js.map
[ info ] www.rec.com/static/js/swiper.min.js.map [运行时间：0.055003s][吞吐率：18.18req/s] [内存消耗：1,911.19kb] [文件加载：30]
[ info ] [ LANG ] D:\wamp6\wamp64\www\recruit\thinkphp\lang\zh-cn.php
[ info ] [ ROUTE ] array (
  'type' => 'module',
  'module' => 
  array (
    0 => 'static',
    1 => 'js',
    2 => 'swiper.min.js.map',
  ),
)
[ info ] [ HEADER ] array (
  'host' => 'www.rec.com',
  'connection' => 'keep-alive',
  'user-agent' => 'Mozilla/5.0 (Windows NT 6.1; Win64; x64) AppleWebKit/537.36 (KHTML, like Gecko) Chrome/60.0.3112.113 Safari/537.36',
  'accept-encoding' => 'gzip, deflate',
  'accept-language' => 'zh-CN,zh;q=0.8',
)
[ info ] [ PARAM ] array (
)
[ info ] [ LOG ] INIT File
---------------------------------------------------------------
[ 2018-01-19T22:05:56+08:00 ] 127.0.0.1 127.0.0.1 GET /position/index/allposition.html?page=1
[ info ] www.rec.com/position/index/allposition.html?page=1 [运行时间：0.145008s][吞吐率：6.90req/s] [内存消耗：3,730.45kb] [文件加载：42]
[ info ] [ LANG ] D:\wamp6\wamp64\www\recruit\thinkphp\lang\zh-cn.php
[ info ] [ ROUTE ] array (
  'type' => 'module',
  'module' => 
  array (
    0 => 'position',
    1 => 'index',
    2 => 'allposition',
  ),
)
[ info ] [ HEADER ] array (
  'host' => 'www.rec.com',
  'connection' => 'keep-alive',
  'accept' => '*/*',
  'x-requested-with' => 'XMLHttpRequest',
  'user-agent' => 'Mozilla/5.0 (iPhone; CPU iPhone OS 9_1 like Mac OS X) AppleWebKit/601.1.46 (KHTML, like Gecko) Version/9.0 Mobile/13B143 Safari/601.1 wechatdevtools/1.02.1801081 MicroMessenger/6.5.7 Language/zh_CN webview/1516366493919487 webdebugger port/9974',
  'referer' => 'http://www.rec.com/position/index/index',
  'accept-encoding' => 'gzip, deflate',
  'accept-language' => 'zh-CN,zh;q=0.8',
  'cookie' => 'rec_openid=oNnLYsk8-NJdJmW7xQY6rScC1268',
)
[ info ] [ PARAM ] array (
  'page' => '1',
)
[ info ] [ RUN ] app\position\controller\Index->allposition[ D:\wamp6\wamp64\www\recruit\application\position\controller\Index.php ]
[ info ] [ DB ] INIT mysql
[ info ] [ LOG ] INIT File
[ sql ] [ DB ] CONNECT:[ UseTime:0.031002s ] mysql:host=119.23.51.37;port=3306;dbname=recruit;charset=utf8
[ sql ] [ SQL ] SHOW COLUMNS FROM `re_position` [ RunTime:0.017001s ]
[ sql ] [ SQL ] SELECT `position`.*,`company`.`name` AS `cname`,`company`.`fullname` AS `cfname` FROM `re_position` `position` INNER JOIN `re_company` `company` ON `company`.`cid`=`position`.`cid` WHERE  `position`.`is_show` = 1 ORDER BY createtime desc LIMIT 0,4 [ RunTime:0.021001s ]
---------------------------------------------------------------
[ 2018-01-19T22:06:42+08:00 ] 127.0.0.1 127.0.0.1 GET /position/index/index
[ info ] www.rec.com/position/index/index [运行时间：0.067004s][吞吐率：14.92req/s] [内存消耗：2,753.90kb] [文件加载：38]
[ info ] [ LANG ] D:\wamp6\wamp64\www\recruit\thinkphp\lang\zh-cn.php
[ info ] [ ROUTE ] array (
  'type' => 'module',
  'module' => 
  array (
    0 => 'position',
    1 => 'index',
    2 => 'index',
  ),
)
[ info ] [ HEADER ] array (
  'host' => 'www.rec.com',
  'connection' => 'keep-alive',
  'cache-control' => 'max-age=0',
  'upgrade-insecure-requests' => '1',
  'user-agent' => 'Mozilla/5.0 (iPhone; CPU iPhone OS 9_1 like Mac OS X) AppleWebKit/601.1.46 (KHTML, like Gecko) Version/9.0 Mobile/13B143 Safari/601.1 wechatdevtools/1.02.1801081 MicroMessenger/6.5.7 Language/zh_CN webview/1516366493919487 webdebugger port/9974',
  'accept' => 'text/html,application/xhtml+xml,application/xml;q=0.9,image/webp,image/apng,*/*;q=0.8',
  'accept-encoding' => 'gzip, deflate',
  'accept-language' => 'zh-CN,zh;q=0.8',
  'cookie' => 'rec_openid=oNnLYsk8-NJdJmW7xQY6rScC1268',
)
[ info ] [ PARAM ] array (
)
[ info ] [ RUN ] app\position\controller\Index->index[ D:\wamp6\wamp64\www\recruit\application\position\controller\Index.php ]
[ info ] [ VIEW ] D:\wamp6\wamp64\www\recruit\public/../application/position\view\index\index.html [ array (
) ]
[ info ] [ LOG ] INIT File
---------------------------------------------------------------
[ 2018-01-19T22:06:42+08:00 ] 127.0.0.1 127.0.0.1 GET /static/js/swiper.min.js.map
[ info ] www.rec.com/static/js/swiper.min.js.map [运行时间：0.061004s][吞吐率：16.39req/s] [内存消耗：1,911.19kb] [文件加载：30]
[ info ] [ LANG ] D:\wamp6\wamp64\www\recruit\thinkphp\lang\zh-cn.php
[ info ] [ ROUTE ] array (
  'type' => 'module',
  'module' => 
  array (
    0 => 'static',
    1 => 'js',
    2 => 'swiper.min.js.map',
  ),
)
[ info ] [ HEADER ] array (
  'host' => 'www.rec.com',
  'connection' => 'keep-alive',
  'user-agent' => 'Mozilla/5.0 (Windows NT 6.1; Win64; x64) AppleWebKit/537.36 (KHTML, like Gecko) Chrome/60.0.3112.113 Safari/537.36',
  'accept-encoding' => 'gzip, deflate',
  'accept-language' => 'zh-CN,zh;q=0.8',
)
[ info ] [ PARAM ] array (
)
[ info ] [ LOG ] INIT File
---------------------------------------------------------------
[ 2018-01-19T22:06:42+08:00 ] 127.0.0.1 127.0.0.1 GET /position/index/allposition.html?page=1
[ info ] www.rec.com/position/index/allposition.html?page=1 [运行时间：0.141008s][吞吐率：7.09req/s] [内存消耗：3,730.45kb] [文件加载：42]
[ info ] [ LANG ] D:\wamp6\wamp64\www\recruit\thinkphp\lang\zh-cn.php
[ info ] [ ROUTE ] array (
  'type' => 'module',
  'module' => 
  array (
    0 => 'position',
    1 => 'index',
    2 => 'allposition',
  ),
)
[ info ] [ HEADER ] array (
  'host' => 'www.rec.com',
  'connection' => 'keep-alive',
  'accept' => '*/*',
  'x-requested-with' => 'XMLHttpRequest',
  'user-agent' => 'Mozilla/5.0 (iPhone; CPU iPhone OS 9_1 like Mac OS X) AppleWebKit/601.1.46 (KHTML, like Gecko) Version/9.0 Mobile/13B143 Safari/601.1 wechatdevtools/1.02.1801081 MicroMessenger/6.5.7 Language/zh_CN webview/1516366493919487 webdebugger port/9974',
  'referer' => 'http://www.rec.com/position/index/index',
  'accept-encoding' => 'gzip, deflate',
  'accept-language' => 'zh-CN,zh;q=0.8',
  'cookie' => 'rec_openid=oNnLYsk8-NJdJmW7xQY6rScC1268',
)
[ info ] [ PARAM ] array (
  'page' => '1',
)
[ info ] [ RUN ] app\position\controller\Index->allposition[ D:\wamp6\wamp64\www\recruit\application\position\controller\Index.php ]
[ info ] [ DB ] INIT mysql
[ info ] [ LOG ] INIT File
[ sql ] [ DB ] CONNECT:[ UseTime:0.025001s ] mysql:host=119.23.51.37;port=3306;dbname=recruit;charset=utf8
[ sql ] [ SQL ] SHOW COLUMNS FROM `re_position` [ RunTime:0.016001s ]
[ sql ] [ SQL ] SELECT `position`.*,`company`.`name` AS `cname`,`company`.`fullname` AS `cfname` FROM `re_position` `position` INNER JOIN `re_company` `company` ON `company`.`cid`=`position`.`cid` WHERE  `position`.`is_show` = 1 ORDER BY createtime desc LIMIT 0,4 [ RunTime:0.020001s ]
---------------------------------------------------------------
[ 2018-01-19T22:06:45+08:00 ] 127.0.0.1 127.0.0.1 GET /position/index/subposition.html?page=1
[ info ] www.rec.com/position/index/subposition.html?page=1 [运行时间：0.135007s][吞吐率：7.41req/s] [内存消耗：3,730.71kb] [文件加载：42]
[ info ] [ LANG ] D:\wamp6\wamp64\www\recruit\thinkphp\lang\zh-cn.php
[ info ] [ ROUTE ] array (
  'type' => 'module',
  'module' => 
  array (
    0 => 'position',
    1 => 'index',
    2 => 'subposition',
  ),
)
[ info ] [ HEADER ] array (
  'host' => 'www.rec.com',
  'connection' => 'keep-alive',
  'accept' => '*/*',
  'x-requested-with' => 'XMLHttpRequest',
  'user-agent' => 'Mozilla/5.0 (iPhone; CPU iPhone OS 9_1 like Mac OS X) AppleWebKit/601.1.46 (KHTML, like Gecko) Version/9.0 Mobile/13B143 Safari/601.1 wechatdevtools/1.02.1801081 MicroMessenger/6.5.7 Language/zh_CN webview/1516366493919487 webdebugger port/9974',
  'referer' => 'http://www.rec.com/position/index/index',
  'accept-encoding' => 'gzip, deflate',
  'accept-language' => 'zh-CN,zh;q=0.8',
  'cookie' => 'rec_openid=oNnLYsk8-NJdJmW7xQY6rScC1268',
)
[ info ] [ PARAM ] array (
  'page' => '1',
)
[ info ] [ RUN ] app\position\controller\Index->subposition[ D:\wamp6\wamp64\www\recruit\application\position\controller\Index.php ]
[ info ] [ DB ] INIT mysql
[ info ] [ LOG ] INIT File
[ sql ] [ DB ] CONNECT:[ UseTime:0.029001s ] mysql:host=119.23.51.37;port=3306;dbname=recruit;charset=utf8
[ sql ] [ SQL ] SHOW COLUMNS FROM `re_position` [ RunTime:0.020002s ]
[ sql ] [ SQL ] SELECT `position`.*,`company`.`name` AS `cname`,`company`.`fullname` AS `cfname` FROM `re_position` `position` INNER JOIN `re_company` `company` ON `company`.`cid`=`position`.`cid` WHERE  `position`.`is_show` = 1  AND `position`.`is_subsidy` = 1 ORDER BY createtime desc LIMIT 0,4 [ RunTime:0.023001s ]
---------------------------------------------------------------
[ 2018-01-19T22:06:58+08:00 ] 127.0.0.1 127.0.0.1 GET /position/index/allposition.html?page=1
[ info ] www.rec.com/position/index/allposition.html?page=1 [运行时间：0.142008s][吞吐率：7.04req/s] [内存消耗：3,730.45kb] [文件加载：42]
[ info ] [ LANG ] D:\wamp6\wamp64\www\recruit\thinkphp\lang\zh-cn.php
[ info ] [ ROUTE ] array (
  'type' => 'module',
  'module' => 
  array (
    0 => 'position',
    1 => 'index',
    2 => 'allposition',
  ),
)
[ info ] [ HEADER ] array (
  'host' => 'www.rec.com',
  'connection' => 'keep-alive',
  'accept' => '*/*',
  'x-requested-with' => 'XMLHttpRequest',
  'user-agent' => 'Mozilla/5.0 (iPhone; CPU iPhone OS 9_1 like Mac OS X) AppleWebKit/601.1.46 (KHTML, like Gecko) Version/9.0 Mobile/13B143 Safari/601.1 wechatdevtools/1.02.1801081 MicroMessenger/6.5.7 Language/zh_CN webview/1516366493919487 webdebugger port/9974',
  'referer' => 'http://www.rec.com/position/index/index',
  'accept-encoding' => 'gzip, deflate',
  'accept-language' => 'zh-CN,zh;q=0.8',
  'cookie' => 'rec_openid=oNnLYsk8-NJdJmW7xQY6rScC1268',
)
[ info ] [ PARAM ] array (
  'page' => '1',
)
[ info ] [ RUN ] app\position\controller\Index->allposition[ D:\wamp6\wamp64\www\recruit\application\position\controller\Index.php ]
[ info ] [ DB ] INIT mysql
[ info ] [ LOG ] INIT File
[ sql ] [ DB ] CONNECT:[ UseTime:0.031002s ] mysql:host=119.23.51.37;port=3306;dbname=recruit;charset=utf8
[ sql ] [ SQL ] SHOW COLUMNS FROM `re_position` [ RunTime:0.022001s ]
[ sql ] [ SQL ] SELECT `position`.*,`company`.`name` AS `cname`,`company`.`fullname` AS `cfname` FROM `re_position` `position` INNER JOIN `re_company` `company` ON `company`.`cid`=`position`.`cid` WHERE  `position`.`is_show` = 1 ORDER BY createtime desc LIMIT 0,4 [ RunTime:0.018001s ]
---------------------------------------------------------------
[ 2018-01-19T22:07:01+08:00 ] 127.0.0.1 127.0.0.1 GET /position/index/subposition.html?page=1
[ info ] www.rec.com/position/index/subposition.html?page=1 [运行时间：0.144008s][吞吐率：6.94req/s] [内存消耗：3,730.71kb] [文件加载：42]
[ info ] [ LANG ] D:\wamp6\wamp64\www\recruit\thinkphp\lang\zh-cn.php
[ info ] [ ROUTE ] array (
  'type' => 'module',
  'module' => 
  array (
    0 => 'position',
    1 => 'index',
    2 => 'subposition',
  ),
)
[ info ] [ HEADER ] array (
  'host' => 'www.rec.com',
  'connection' => 'keep-alive',
  'accept' => '*/*',
  'x-requested-with' => 'XMLHttpRequest',
  'user-agent' => 'Mozilla/5.0 (iPhone; CPU iPhone OS 9_1 like Mac OS X) AppleWebKit/601.1.46 (KHTML, like Gecko) Version/9.0 Mobile/13B143 Safari/601.1 wechatdevtools/1.02.1801081 MicroMessenger/6.5.7 Language/zh_CN webview/1516366493919487 webdebugger port/9974',
  'referer' => 'http://www.rec.com/position/index/index',
  'accept-encoding' => 'gzip, deflate',
  'accept-language' => 'zh-CN,zh;q=0.8',
  'cookie' => 'rec_openid=oNnLYsk8-NJdJmW7xQY6rScC1268',
)
[ info ] [ PARAM ] array (
  'page' => '1',
)
[ info ] [ RUN ] app\position\controller\Index->subposition[ D:\wamp6\wamp64\www\recruit\application\position\controller\Index.php ]
[ info ] [ DB ] INIT mysql
[ info ] [ LOG ] INIT File
[ sql ] [ DB ] CONNECT:[ UseTime:0.033001s ] mysql:host=119.23.51.37;port=3306;dbname=recruit;charset=utf8
[ sql ] [ SQL ] SHOW COLUMNS FROM `re_position` [ RunTime:0.020002s ]
[ sql ] [ SQL ] SELECT `position`.*,`company`.`name` AS `cname`,`company`.`fullname` AS `cfname` FROM `re_position` `position` INNER JOIN `re_company` `company` ON `company`.`cid`=`position`.`cid` WHERE  `position`.`is_show` = 1  AND `position`.`is_subsidy` = 1 ORDER BY createtime desc LIMIT 0,4 [ RunTime:0.022001s ]
---------------------------------------------------------------
[ 2018-01-19T22:07:03+08:00 ] 127.0.0.1 127.0.0.1 GET /position/index/allposition.html?page=1
[ info ] www.rec.com/position/index/allposition.html?page=1 [运行时间：0.133008s][吞吐率：7.52req/s] [内存消耗：3,730.45kb] [文件加载：42]
[ info ] [ LANG ] D:\wamp6\wamp64\www\recruit\thinkphp\lang\zh-cn.php
[ info ] [ ROUTE ] array (
  'type' => 'module',
  'module' => 
  array (
    0 => 'position',
    1 => 'index',
    2 => 'allposition',
  ),
)
[ info ] [ HEADER ] array (
  'host' => 'www.rec.com',
  'connection' => 'keep-alive',
  'accept' => '*/*',
  'x-requested-with' => 'XMLHttpRequest',
  'user-agent' => 'Mozilla/5.0 (iPhone; CPU iPhone OS 9_1 like Mac OS X) AppleWebKit/601.1.46 (KHTML, like Gecko) Version/9.0 Mobile/13B143 Safari/601.1 wechatdevtools/1.02.1801081 MicroMessenger/6.5.7 Language/zh_CN webview/1516366493919487 webdebugger port/9974',
  'referer' => 'http://www.rec.com/position/index/index',
  'accept-encoding' => 'gzip, deflate',
  'accept-language' => 'zh-CN,zh;q=0.8',
  'cookie' => 'rec_openid=oNnLYsk8-NJdJmW7xQY6rScC1268',
)
[ info ] [ PARAM ] array (
  'page' => '1',
)
[ info ] [ RUN ] app\position\controller\Index->allposition[ D:\wamp6\wamp64\www\recruit\application\position\controller\Index.php ]
[ info ] [ DB ] INIT mysql
[ info ] [ LOG ] INIT File
[ sql ] [ DB ] CONNECT:[ UseTime:0.032002s ] mysql:host=119.23.51.37;port=3306;dbname=recruit;charset=utf8
[ sql ] [ SQL ] SHOW COLUMNS FROM `re_position` [ RunTime:0.022001s ]
[ sql ] [ SQL ] SELECT `position`.*,`company`.`name` AS `cname`,`company`.`fullname` AS `cfname` FROM `re_position` `position` INNER JOIN `re_company` `company` ON `company`.`cid`=`position`.`cid` WHERE  `position`.`is_show` = 1 ORDER BY createtime desc LIMIT 0,4 [ RunTime:0.021001s ]
---------------------------------------------------------------
[ 2018-01-19T22:07:12+08:00 ] 127.0.0.1 127.0.0.1 GET /position/index/allposition.html?page=2
[ info ] www.rec.com/position/index/allposition.html?page=2 [运行时间：0.151009s][吞吐率：6.62req/s] [内存消耗：3,728.25kb] [文件加载：42]
[ info ] [ LANG ] D:\wamp6\wamp64\www\recruit\thinkphp\lang\zh-cn.php
[ info ] [ ROUTE ] array (
  'type' => 'module',
  'module' => 
  array (
    0 => 'position',
    1 => 'index',
    2 => 'allposition',
  ),
)
[ info ] [ HEADER ] array (
  'host' => 'www.rec.com',
  'connection' => 'keep-alive',
  'accept' => '*/*',
  'x-requested-with' => 'XMLHttpRequest',
  'user-agent' => 'Mozilla/5.0 (iPhone; CPU iPhone OS 9_1 like Mac OS X) AppleWebKit/601.1.46 (KHTML, like Gecko) Version/9.0 Mobile/13B143 Safari/601.1 wechatdevtools/1.02.1801081 MicroMessenger/6.5.7 Language/zh_CN webview/1516366493919487 webdebugger port/9974',
  'referer' => 'http://www.rec.com/position/index/index',
  'accept-encoding' => 'gzip, deflate',
  'accept-language' => 'zh-CN,zh;q=0.8',
  'cookie' => 'rec_openid=oNnLYsk8-NJdJmW7xQY6rScC1268',
)
[ info ] [ PARAM ] array (
  'page' => '2',
)
[ info ] [ RUN ] app\position\controller\Index->allposition[ D:\wamp6\wamp64\www\recruit\application\position\controller\Index.php ]
[ info ] [ DB ] INIT mysql
[ info ] [ LOG ] INIT File
[ sql ] [ DB ] CONNECT:[ UseTime:0.031002s ] mysql:host=119.23.51.37;port=3306;dbname=recruit;charset=utf8
[ sql ] [ SQL ] SHOW COLUMNS FROM `re_position` [ RunTime:0.019001s ]
[ sql ] [ SQL ] SELECT `position`.*,`company`.`name` AS `cname`,`company`.`fullname` AS `cfname` FROM `re_position` `position` INNER JOIN `re_company` `company` ON `company`.`cid`=`position`.`cid` WHERE  `position`.`is_show` = 1 ORDER BY createtime desc LIMIT 4,4 [ RunTime:0.020002s ]
---------------------------------------------------------------
[ 2018-01-19T22:07:17+08:00 ] 127.0.0.1 127.0.0.1 GET /position/index/allposition.html?page=3
[ info ] www.rec.com/position/index/allposition.html?page=3 [运行时间：0.113006s][吞吐率：8.85req/s] [内存消耗：3,725.70kb] [文件加载：42]
[ info ] [ LANG ] D:\wamp6\wamp64\www\recruit\thinkphp\lang\zh-cn.php
[ info ] [ ROUTE ] array (
  'type' => 'module',
  'module' => 
  array (
    0 => 'position',
    1 => 'index',
    2 => 'allposition',
  ),
)
[ info ] [ HEADER ] array (
  'host' => 'www.rec.com',
  'connection' => 'keep-alive',
  'accept' => '*/*',
  'x-requested-with' => 'XMLHttpRequest',
  'user-agent' => 'Mozilla/5.0 (iPhone; CPU iPhone OS 9_1 like Mac OS X) AppleWebKit/601.1.46 (KHTML, like Gecko) Version/9.0 Mobile/13B143 Safari/601.1 wechatdevtools/1.02.1801081 MicroMessenger/6.5.7 Language/zh_CN webview/1516366493919487 webdebugger port/9974',
  'referer' => 'http://www.rec.com/position/index/index',
  'accept-encoding' => 'gzip, deflate',
  'accept-language' => 'zh-CN,zh;q=0.8',
  'cookie' => 'rec_openid=oNnLYsk8-NJdJmW7xQY6rScC1268',
)
[ info ] [ PARAM ] array (
  'page' => '3',
)
[ info ] [ RUN ] app\position\controller\Index->allposition[ D:\wamp6\wamp64\www\recruit\application\position\controller\Index.php ]
[ info ] [ DB ] INIT mysql
[ info ] [ LOG ] INIT File
[ sql ] [ DB ] CONNECT:[ UseTime:0.025002s ] mysql:host=119.23.51.37;port=3306;dbname=recruit;charset=utf8
[ sql ] [ SQL ] SHOW COLUMNS FROM `re_position` [ RunTime:0.019001s ]
[ sql ] [ SQL ] SELECT `position`.*,`company`.`name` AS `cname`,`company`.`fullname` AS `cfname` FROM `re_position` `position` INNER JOIN `re_company` `company` ON `company`.`cid`=`position`.`cid` WHERE  `position`.`is_show` = 1 ORDER BY createtime desc LIMIT 8,4 [ RunTime:0.016001s ]
---------------------------------------------------------------
[ 2018-01-19T22:07:20+08:00 ] 127.0.0.1 127.0.0.1 GET /position/index/subposition.html?page=1
[ info ] www.rec.com/position/index/subposition.html?page=1 [运行时间：0.173010s][吞吐率：5.78req/s] [内存消耗：3,730.71kb] [文件加载：42]
[ info ] [ LANG ] D:\wamp6\wamp64\www\recruit\thinkphp\lang\zh-cn.php
[ info ] [ ROUTE ] array (
  'type' => 'module',
  'module' => 
  array (
    0 => 'position',
    1 => 'index',
    2 => 'subposition',
  ),
)
[ info ] [ HEADER ] array (
  'host' => 'www.rec.com',
  'connection' => 'keep-alive',
  'accept' => '*/*',
  'x-requested-with' => 'XMLHttpRequest',
  'user-agent' => 'Mozilla/5.0 (iPhone; CPU iPhone OS 9_1 like Mac OS X) AppleWebKit/601.1.46 (KHTML, like Gecko) Version/9.0 Mobile/13B143 Safari/601.1 wechatdevtools/1.02.1801081 MicroMessenger/6.5.7 Language/zh_CN webview/1516366493919487 webdebugger port/9974',
  'referer' => 'http://www.rec.com/position/index/index',
  'accept-encoding' => 'gzip, deflate',
  'accept-language' => 'zh-CN,zh;q=0.8',
  'cookie' => 'rec_openid=oNnLYsk8-NJdJmW7xQY6rScC1268',
)
[ info ] [ PARAM ] array (
  'page' => '1',
)
[ info ] [ RUN ] app\position\controller\Index->subposition[ D:\wamp6\wamp64\www\recruit\application\position\controller\Index.php ]
[ info ] [ DB ] INIT mysql
[ info ] [ LOG ] INIT File
[ sql ] [ DB ] CONNECT:[ UseTime:0.067004s ] mysql:host=119.23.51.37;port=3306;dbname=recruit;charset=utf8
[ sql ] [ SQL ] SHOW COLUMNS FROM `re_position` [ RunTime:0.021001s ]
[ sql ] [ SQL ] SELECT `position`.*,`company`.`name` AS `cname`,`company`.`fullname` AS `cfname` FROM `re_position` `position` INNER JOIN `re_company` `company` ON `company`.`cid`=`position`.`cid` WHERE  `position`.`is_show` = 1  AND `position`.`is_subsidy` = 1 ORDER BY createtime desc LIMIT 0,4 [ RunTime:0.022001s ]
