---------------------------------------------------------------
[ 2018-01-22T17:05:37+08:00 ] 127.0.0.1 127.0.0.1 POST /
[ info ] master.test.dphub.sandai.net:80/ [运行时间：3.980227s][吞吐率：0.25req/s] [内存消耗：3,606.21kb] [文件加载：45]
[ info ] [ LANG ] D:\wamp3\wamp64\www\recruit\thinkphp\lang\zh-cn.php
[ info ] [ ROUTE ] array (
  'type' => 'module',
  'module' => 
  array (
    0 => '',
    1 => NULL,
    2 => NULL,
  ),
)
[ info ] [ HEADER ] array (
  'host' => 'master.test.dphub.sandai.net:80',
  'content-type' => 'application/octet-stream',
  'content-length' => '256',
  'connection' => 'Close',
)
[ info ] [ PARAM ] array (
)
[ info ] [ SESSION ] INIT array (
  'id' => '',
  'var_session_id' => '',
  'prefix' => 'think',
  'type' => '',
  'auto_start' => true,
)
[ info ] [ DB ] INIT mysql
[ info ] [ RUN ] app\index\controller\Index->index[ D:\wamp3\wamp64\www\recruit\application\index\controller\Index.php ]
[ info ] [ VIEW ] D:\wamp3\wamp64\www\recruit\public/../application/index\view\index\index.html [ array (
  0 => 'navlist',
  1 => 'footer',
  2 => 'nav',
  3 => 'data',
  4 => 'coursedata',
  5 => 'companydata',
) ]
[ info ] [ LOG ] INIT File
[ sql ] [ DB ] CONNECT:[ UseTime:3.076176s ] mysql:host=119.23.51.37;port=3306;dbname=recruit;charset=utf8
[ sql ] [ SQL ] SHOW COLUMNS FROM `re_nav` [ RunTime:0.019001s ]
[ sql ] [ SQL ] SELECT * FROM `re_nav` WHERE  `status` = '1' ORDER BY `sortid` [ RunTime:0.024002s ]
[ sql ] [ SQL ] SHOW COLUMNS FROM `re_page` [ RunTime:0.019001s ]
[ sql ] [ SQL ] SELECT `content`,`pageid` FROM `re_page` WHERE  `column` = '站点信息' LIMIT 1 [ RunTime:0.322018s ]
[ sql ] [ SQL ] SELECT `content` FROM `re_page` WHERE  `title` = '首页介绍' LIMIT 1 [ RunTime:0.015001s ]
[ sql ] [ SQL ] SHOW COLUMNS FROM `re_course` [ RunTime:0.022002s ]
[ sql ] [ SQL ] SELECT `courseid`,`name`,`label_img`,`price`,`desc`,`pageview` FROM `re_course` WHERE  `is_show` = '1' [ RunTime:0.319018s ]
[ sql ] [ SQL ] SHOW COLUMNS FROM `re_company` [ RunTime:0.016001s ]
[ sql ] [ SQL ] SELECT `cid`,`avastar` FROM `re_company` WHERE  `status` = '1' [ RunTime:0.016001s ]
---------------------------------------------------------------
[ 2018-01-22T17:12:14+08:00 ] 127.0.0.1 127.0.0.1 POST /
[ info ] master.test.dphub.sandai.net:80/ [运行时间：0.573033s][吞吐率：1.75req/s] [内存消耗：3,606.22kb] [文件加载：45]
[ info ] [ LANG ] D:\wamp3\wamp64\www\recruit\thinkphp\lang\zh-cn.php
[ info ] [ ROUTE ] array (
  'type' => 'module',
  'module' => 
  array (
    0 => '',
    1 => NULL,
    2 => NULL,
  ),
)
[ info ] [ HEADER ] array (
  'host' => 'master.test.dphub.sandai.net:80',
  'content-type' => 'application/octet-stream',
  'content-length' => '256',
  'connection' => 'Close',
)
[ info ] [ PARAM ] array (
)
[ info ] [ SESSION ] INIT array (
  'id' => '',
  'var_session_id' => '',
  'prefix' => 'think',
  'type' => '',
  'auto_start' => true,
)
[ info ] [ DB ] INIT mysql
[ info ] [ RUN ] app\index\controller\Index->index[ D:\wamp3\wamp64\www\recruit\application\index\controller\Index.php ]
[ info ] [ VIEW ] D:\wamp3\wamp64\www\recruit\public/../application/index\view\index\index.html [ array (
  0 => 'navlist',
  1 => 'footer',
  2 => 'nav',
  3 => 'data',
  4 => 'coursedata',
  5 => 'companydata',
) ]
[ info ] [ LOG ] INIT File
[ sql ] [ DB ] CONNECT:[ UseTime:0.032001s ] mysql:host=119.23.51.37;port=3306;dbname=recruit;charset=utf8
[ sql ] [ SQL ] SHOW COLUMNS FROM `re_nav` [ RunTime:0.018001s ]
[ sql ] [ SQL ] SELECT * FROM `re_nav` WHERE  `status` = '1' ORDER BY `sortid` [ RunTime:0.019001s ]
[ sql ] [ SQL ] SHOW COLUMNS FROM `re_page` [ RunTime:0.020001s ]
[ sql ] [ SQL ] SELECT `content`,`pageid` FROM `re_page` WHERE  `column` = '站点信息' LIMIT 1 [ RunTime:0.019001s ]
[ sql ] [ SQL ] SELECT `content` FROM `re_page` WHERE  `title` = '首页介绍' LIMIT 1 [ RunTime:0.321018s ]
[ sql ] [ SQL ] SHOW COLUMNS FROM `re_course` [ RunTime:0.021002s ]
[ sql ] [ SQL ] SELECT `courseid`,`name`,`label_img`,`price`,`desc`,`pageview` FROM `re_course` WHERE  `is_show` = '1' [ RunTime:0.018001s ]
[ sql ] [ SQL ] SHOW COLUMNS FROM `re_company` [ RunTime:0.021001s ]
[ sql ] [ SQL ] SELECT `cid`,`avastar` FROM `re_company` WHERE  `status` = '1' [ RunTime:0.019001s ]
