---------------------------------------------------------------
[ 2018-01-27T13:59:20+08:00 ] 127.0.0.1 127.0.0.1 GET /position/index/index
[ info ] www.rec.com/position/index/index [运行时间：0.752043s][吞吐率：1.33req/s] [内存消耗：2,472.22kb] [文件加载：36]
[ info ] [ LANG ] D:\wamp6\wamp64\www\recruit\thinkphp\lang\zh-cn.php
[ info ] [ ROUTE ] array (
  'type' => 'module',
  'module' => 
  array (
    0 => 'position',
    1 => 'index',
    2 => 'index',
  ),
)
[ info ] [ HEADER ] array (
  'host' => 'www.rec.com',
  'connection' => 'keep-alive',
  'upgrade-insecure-requests' => '1',
  'user-agent' => 'Mozilla/5.0 (iPhone; CPU iPhone OS 9_1 like Mac OS X) AppleWebKit/601.1.46 (KHTML, like Gecko) Version/9.0 Mobile/13B143 Safari/601.1 wechatdevtools/1.02.1801081 MicroMessenger/6.5.7 Language/zh_CN webview/1517021936655165 webdebugger port/9974',
  'accept' => 'text/html,application/xhtml+xml,application/xml;q=0.9,image/webp,image/apng,*/*;q=0.8',
  'accept-encoding' => 'gzip, deflate',
  'accept-language' => 'zh-CN,zh;q=0.8',
  'cookie' => 'rec_openid=oNnLYsk8-NJdJmW7xQY6rScC1268',
)
[ info ] [ PARAM ] array (
)
[ info ] [ RUN ] app\position\controller\Index->index[ D:\wamp6\wamp64\www\recruit\application\position\controller\Index.php ]
[ info ] [ VIEW ] D:\wamp6\wamp64\www\recruit\public/../application/position\view\index\index.html [ array (
) ]
[ info ] [ LOG ] INIT File
---------------------------------------------------------------
[ 2018-01-27T13:59:22+08:00 ] 127.0.0.1 127.0.0.1 GET /static/js/swiper.min.js.map
[ info ] www.rec.com/static/js/swiper.min.js.map [运行时间：0.734042s][吞吐率：1.36req/s] [内存消耗：1,911.23kb] [文件加载：30]
[ info ] [ LANG ] D:\wamp6\wamp64\www\recruit\thinkphp\lang\zh-cn.php
[ info ] [ ROUTE ] array (
  'type' => 'module',
  'module' => 
  array (
    0 => 'static',
    1 => 'js',
    2 => 'swiper.min.js.map',
  ),
)
[ info ] [ HEADER ] array (
  'host' => 'www.rec.com',
  'connection' => 'keep-alive',
  'user-agent' => 'Mozilla/5.0 (Windows NT 6.1; Win64; x64) AppleWebKit/537.36 (KHTML, like Gecko) Chrome/60.0.3112.113 Safari/537.36',
  'accept-encoding' => 'gzip, deflate',
  'accept-language' => 'zh-CN,zh;q=0.8',
)
[ info ] [ PARAM ] array (
)
[ info ] [ LOG ] INIT File
---------------------------------------------------------------
[ 2018-01-27T13:59:23+08:00 ] 127.0.0.1 127.0.0.1 GET /position/index/allposition.html?page=1
[ info ] www.rec.com/position/index/allposition.html?page=1 [运行时间：0.684039s][吞吐率：1.46req/s] [内存消耗：3,731.70kb] [文件加载：42]
[ info ] [ LANG ] D:\wamp6\wamp64\www\recruit\thinkphp\lang\zh-cn.php
[ info ] [ ROUTE ] array (
  'type' => 'module',
  'module' => 
  array (
    0 => 'position',
    1 => 'index',
    2 => 'allposition',
  ),
)
[ info ] [ HEADER ] array (
  'host' => 'www.rec.com',
  'connection' => 'keep-alive',
  'accept' => '*/*',
  'x-requested-with' => 'XMLHttpRequest',
  'user-agent' => 'Mozilla/5.0 (iPhone; CPU iPhone OS 9_1 like Mac OS X) AppleWebKit/601.1.46 (KHTML, like Gecko) Version/9.0 Mobile/13B143 Safari/601.1 wechatdevtools/1.02.1801081 MicroMessenger/6.5.7 Language/zh_CN webview/1517021936655165 webdebugger port/9974',
  'referer' => 'http://www.rec.com/position/index/index',
  'accept-encoding' => 'gzip, deflate',
  'accept-language' => 'zh-CN,zh;q=0.8',
  'cookie' => 'rec_openid=oNnLYsk8-NJdJmW7xQY6rScC1268',
)
[ info ] [ PARAM ] array (
  'page' => '1',
)
[ info ] [ RUN ] app\position\controller\Index->allposition[ D:\wamp6\wamp64\www\recruit\application\position\controller\Index.php ]
[ info ] [ DB ] INIT mysql
[ info ] [ LOG ] INIT File
[ sql ] [ DB ] CONNECT:[ UseTime:0.245014s ] mysql:host=119.23.51.37;port=3306;dbname=recruit;charset=utf8
[ sql ] [ SQL ] SHOW COLUMNS FROM `re_position` [ RunTime:0.061004s ]
[ sql ] [ SQL ] SELECT `position`.*,`company`.`name` AS `cname`,`company`.`fullname` AS `cfname` FROM `re_position` `position` INNER JOIN `re_company` `company` ON `company`.`cid`=`position`.`cid` WHERE  `position`.`is_show` = 1 ORDER BY createtime desc LIMIT 0,4 [ RunTime:0.023002s ]
