---------------------------------------------------------------
[ 2017-12-21T00:03:00+08:00 ] 127.0.0.1 127.0.0.1 GET /index/index/index.html
[ info ] www.pro.com/index/index/index.html [运行时间：0.099006s][吞吐率：10.10req/s] [内存消耗：2,911.58kb] [文件加载：41]
[ info ] [ LANG ] D:\wamp6\wamp64\www\recruit\thinkphp\lang\zh-cn.php
[ info ] [ ROUTE ] array (
  'type' => 'module',
  'module' => 
  array (
    0 => 'index',
    1 => 'index',
    2 => 'index',
  ),
)
[ info ] [ HEADER ] array (
  'host' => 'www.pro.com',
  'connection' => 'keep-alive',
  'cache-control' => 'max-age=0',
  'accept' => 'text/html,application/xhtml+xml,application/xml;q=0.9,image/webp,*/*;q=0.8',
  'upgrade-insecure-requests' => '1',
  'user-agent' => 'Mozilla/5.0 (Windows NT 6.1; WOW64) AppleWebKit/537.36 (KHTML, like Gecko) Chrome/49.0.2623.221 Safari/537.36 SE 2.X MetaSr 1.0',
  'referer' => 'http://www.pro.com/index/course/courselist.html',
  'accept-encoding' => 'gzip, deflate, sdch',
  'accept-language' => 'zh-CN,zh;q=0.8',
  'cookie' => 'thinkphp_show_page_trace=0|0; PHPSESSID=f1dqubfs3i2qs7l2pfgks26a05; thinkphp_show_page_trace=0|0',
)
[ info ] [ PARAM ] array (
)
[ info ] [ RUN ] app\index\controller\Index->index[ D:\wamp6\wamp64\www\recruit\application\index\controller\Index.php ]
[ info ] [ VIEW ] D:\wamp6\wamp64\www\recruit\public/../application/index\view\index\index.html [ array (
  0 => 'nav',
) ]
[ info ] [ LOG ] INIT File
---------------------------------------------------------------
[ 2017-12-21T00:03:20+08:00 ] 127.0.0.1 127.0.0.1 GET /index/index/index.html
[ info ] www.pro.com/index/index/index.html [运行时间：0.083005s][吞吐率：12.05req/s] [内存消耗：2,911.69kb] [文件加载：41]
[ info ] [ LANG ] D:\wamp6\wamp64\www\recruit\thinkphp\lang\zh-cn.php
[ info ] [ ROUTE ] array (
  'type' => 'module',
  'module' => 
  array (
    0 => 'index',
    1 => 'index',
    2 => 'index',
  ),
)
[ info ] [ HEADER ] array (
  'host' => 'www.pro.com',
  'connection' => 'keep-alive',
  'cache-control' => 'max-age=0',
  'accept' => 'text/html,application/xhtml+xml,application/xml;q=0.9,image/webp,*/*;q=0.8',
  'upgrade-insecure-requests' => '1',
  'user-agent' => 'Mozilla/5.0 (Windows NT 6.1; WOW64) AppleWebKit/537.36 (KHTML, like Gecko) Chrome/49.0.2623.221 Safari/537.36 SE 2.X MetaSr 1.0',
  'referer' => 'http://www.pro.com/index/course/courselist.html',
  'accept-encoding' => 'gzip, deflate, sdch',
  'accept-language' => 'zh-CN,zh;q=0.8',
  'cookie' => 'thinkphp_show_page_trace=0|0; PHPSESSID=f1dqubfs3i2qs7l2pfgks26a05; thinkphp_show_page_trace=0|0',
)
[ info ] [ PARAM ] array (
)
[ info ] [ RUN ] app\index\controller\Index->index[ D:\wamp6\wamp64\www\recruit\application\index\controller\Index.php ]
[ info ] [ VIEW ] D:\wamp6\wamp64\www\recruit\public/../application/index\view\index\index.html [ array (
  0 => 'nav',
) ]
[ info ] [ LOG ] INIT File
---------------------------------------------------------------
[ 2017-12-21T00:04:02+08:00 ] 127.0.0.1 127.0.0.1 GET /index/index/index.html
[ info ] www.pro.com/index/index/index.html [运行时间：0.112007s][吞吐率：8.93req/s] [内存消耗：2,911.78kb] [文件加载：41]
[ info ] [ LANG ] D:\wamp6\wamp64\www\recruit\thinkphp\lang\zh-cn.php
[ info ] [ ROUTE ] array (
  'type' => 'module',
  'module' => 
  array (
    0 => 'index',
    1 => 'index',
    2 => 'index',
  ),
)
[ info ] [ HEADER ] array (
  'host' => 'www.pro.com',
  'connection' => 'keep-alive',
  'cache-control' => 'max-age=0',
  'accept' => 'text/html,application/xhtml+xml,application/xml;q=0.9,image/webp,*/*;q=0.8',
  'upgrade-insecure-requests' => '1',
  'user-agent' => 'Mozilla/5.0 (Windows NT 6.1; WOW64) AppleWebKit/537.36 (KHTML, like Gecko) Chrome/49.0.2623.221 Safari/537.36 SE 2.X MetaSr 1.0',
  'referer' => 'http://www.pro.com/index/course/courselist.html',
  'accept-encoding' => 'gzip, deflate, sdch',
  'accept-language' => 'zh-CN,zh;q=0.8',
  'cookie' => 'thinkphp_show_page_trace=0|0; PHPSESSID=f1dqubfs3i2qs7l2pfgks26a05; thinkphp_show_page_trace=0|0',
)
[ info ] [ PARAM ] array (
)
[ info ] [ RUN ] app\index\controller\Index->index[ D:\wamp6\wamp64\www\recruit\application\index\controller\Index.php ]
[ info ] [ VIEW ] D:\wamp6\wamp64\www\recruit\public/../application/index\view\index\index.html [ array (
  0 => 'nav',
) ]
[ info ] [ LOG ] INIT File
---------------------------------------------------------------
[ 2017-12-21T00:10:08+08:00 ] 127.0.0.1 127.0.0.1 GET /index/index/index.html
[ info ] www.pro.com/index/index/index.html [运行时间：0.080004s][吞吐率：12.50req/s] [内存消耗：2,912.05kb] [文件加载：41]
[ info ] [ LANG ] D:\wamp6\wamp64\www\recruit\thinkphp\lang\zh-cn.php
[ info ] [ ROUTE ] array (
  'type' => 'module',
  'module' => 
  array (
    0 => 'index',
    1 => 'index',
    2 => 'index',
  ),
)
[ info ] [ HEADER ] array (
  'host' => 'www.pro.com',
  'connection' => 'keep-alive',
  'cache-control' => 'max-age=0',
  'accept' => 'text/html,application/xhtml+xml,application/xml;q=0.9,image/webp,*/*;q=0.8',
  'upgrade-insecure-requests' => '1',
  'user-agent' => 'Mozilla/5.0 (Windows NT 6.1; WOW64) AppleWebKit/537.36 (KHTML, like Gecko) Chrome/49.0.2623.221 Safari/537.36 SE 2.X MetaSr 1.0',
  'referer' => 'http://www.pro.com/index/course/courselist.html',
  'accept-encoding' => 'gzip, deflate, sdch',
  'accept-language' => 'zh-CN,zh;q=0.8',
  'cookie' => 'thinkphp_show_page_trace=0|0; PHPSESSID=f1dqubfs3i2qs7l2pfgks26a05; thinkphp_show_page_trace=0|0',
)
[ info ] [ PARAM ] array (
)
[ info ] [ RUN ] app\index\controller\Index->index[ D:\wamp6\wamp64\www\recruit\application\index\controller\Index.php ]
[ info ] [ VIEW ] D:\wamp6\wamp64\www\recruit\public/../application/index\view\index\index.html [ array (
  0 => 'nav',
) ]
[ info ] [ LOG ] INIT File
---------------------------------------------------------------
[ 2017-12-21T00:12:11+08:00 ] 127.0.0.1 127.0.0.1 GET /index/index/index.html
[ info ] www.pro.com/index/index/index.html [运行时间：0.064003s][吞吐率：15.62req/s] [内存消耗：2,912.70kb] [文件加载：41]
[ info ] [ LANG ] D:\wamp6\wamp64\www\recruit\thinkphp\lang\zh-cn.php
[ info ] [ ROUTE ] array (
  'type' => 'module',
  'module' => 
  array (
    0 => 'index',
    1 => 'index',
    2 => 'index',
  ),
)
[ info ] [ HEADER ] array (
  'host' => 'www.pro.com',
  'connection' => 'keep-alive',
  'cache-control' => 'max-age=0',
  'accept' => 'text/html,application/xhtml+xml,application/xml;q=0.9,image/webp,*/*;q=0.8',
  'upgrade-insecure-requests' => '1',
  'user-agent' => 'Mozilla/5.0 (Windows NT 6.1; WOW64) AppleWebKit/537.36 (KHTML, like Gecko) Chrome/49.0.2623.221 Safari/537.36 SE 2.X MetaSr 1.0',
  'referer' => 'http://www.pro.com/index/course/courselist.html',
  'accept-encoding' => 'gzip, deflate, sdch',
  'accept-language' => 'zh-CN,zh;q=0.8',
  'cookie' => 'thinkphp_show_page_trace=0|0; PHPSESSID=f1dqubfs3i2qs7l2pfgks26a05; thinkphp_show_page_trace=0|0',
)
[ info ] [ PARAM ] array (
)
[ info ] [ RUN ] app\index\controller\Index->index[ D:\wamp6\wamp64\www\recruit\application\index\controller\Index.php ]
[ info ] [ VIEW ] D:\wamp6\wamp64\www\recruit\public/../application/index\view\index\index.html [ array (
  0 => 'nav',
) ]
[ info ] [ LOG ] INIT File
---------------------------------------------------------------
[ 2017-12-21T00:12:11+08:00 ] 127.0.0.1 127.0.0.1 GET /index/index/index.html
[ info ] www.pro.com/index/index/index.html [运行时间：0.070004s][吞吐率：14.28req/s] [内存消耗：2,643.45kb] [文件加载：39]
[ info ] [ LANG ] D:\wamp6\wamp64\www\recruit\thinkphp\lang\zh-cn.php
[ info ] [ ROUTE ] array (
  'type' => 'module',
  'module' => 
  array (
    0 => 'index',
    1 => 'index',
    2 => 'index',
  ),
)
[ info ] [ HEADER ] array (
  'host' => 'www.pro.com',
  'connection' => 'keep-alive',
  'cache-control' => 'max-age=0',
  'accept' => 'text/html,application/xhtml+xml,application/xml;q=0.9,image/webp,*/*;q=0.8',
  'upgrade-insecure-requests' => '1',
  'user-agent' => 'Mozilla/5.0 (Windows NT 6.1; WOW64) AppleWebKit/537.36 (KHTML, like Gecko) Chrome/49.0.2623.221 Safari/537.36 SE 2.X MetaSr 1.0',
  'referer' => 'http://www.pro.com/index/course/courselist.html',
  'accept-encoding' => 'gzip, deflate, sdch',
  'accept-language' => 'zh-CN,zh;q=0.8',
  'cookie' => 'thinkphp_show_page_trace=0|0; PHPSESSID=f1dqubfs3i2qs7l2pfgks26a05; thinkphp_show_page_trace=0|0',
)
[ info ] [ PARAM ] array (
)
[ info ] [ RUN ] app\index\controller\Index->index[ D:\wamp6\wamp64\www\recruit\application\index\controller\Index.php ]
[ info ] [ VIEW ] D:\wamp6\wamp64\www\recruit\public/../application/index\view\index\index.html [ array (
  0 => 'nav',
) ]
[ info ] [ LOG ] INIT File
---------------------------------------------------------------
[ 2017-12-21T00:12:46+08:00 ] 127.0.0.1 127.0.0.1 GET /index/index/index.html
[ info ] www.pro.com/index/index/index.html [运行时间：0.080005s][吞吐率：12.50req/s] [内存消耗：2,912.86kb] [文件加载：41]
[ info ] [ LANG ] D:\wamp6\wamp64\www\recruit\thinkphp\lang\zh-cn.php
[ info ] [ ROUTE ] array (
  'type' => 'module',
  'module' => 
  array (
    0 => 'index',
    1 => 'index',
    2 => 'index',
  ),
)
[ info ] [ HEADER ] array (
  'host' => 'www.pro.com',
  'connection' => 'keep-alive',
  'cache-control' => 'max-age=0',
  'accept' => 'text/html,application/xhtml+xml,application/xml;q=0.9,image/webp,*/*;q=0.8',
  'upgrade-insecure-requests' => '1',
  'user-agent' => 'Mozilla/5.0 (Windows NT 6.1; WOW64) AppleWebKit/537.36 (KHTML, like Gecko) Chrome/49.0.2623.221 Safari/537.36 SE 2.X MetaSr 1.0',
  'referer' => 'http://www.pro.com/index/course/courselist.html',
  'accept-encoding' => 'gzip, deflate, sdch',
  'accept-language' => 'zh-CN,zh;q=0.8',
  'cookie' => 'thinkphp_show_page_trace=0|0; PHPSESSID=f1dqubfs3i2qs7l2pfgks26a05; thinkphp_show_page_trace=0|0',
)
[ info ] [ PARAM ] array (
)
[ info ] [ RUN ] app\index\controller\Index->index[ D:\wamp6\wamp64\www\recruit\application\index\controller\Index.php ]
[ info ] [ VIEW ] D:\wamp6\wamp64\www\recruit\public/../application/index\view\index\index.html [ array (
  0 => 'nav',
) ]
[ info ] [ LOG ] INIT File
---------------------------------------------------------------
[ 2017-12-21T00:12:48+08:00 ] 127.0.0.1 127.0.0.1 GET /index/index/index.html
[ info ] www.pro.com/index/index/index.html [运行时间：0.069004s][吞吐率：14.49req/s] [内存消耗：2,643.48kb] [文件加载：39]
[ info ] [ LANG ] D:\wamp6\wamp64\www\recruit\thinkphp\lang\zh-cn.php
[ info ] [ ROUTE ] array (
  'type' => 'module',
  'module' => 
  array (
    0 => 'index',
    1 => 'index',
    2 => 'index',
  ),
)
[ info ] [ HEADER ] array (
  'host' => 'www.pro.com',
  'connection' => 'keep-alive',
  'cache-control' => 'max-age=0',
  'accept' => 'text/html,application/xhtml+xml,application/xml;q=0.9,image/webp,*/*;q=0.8',
  'upgrade-insecure-requests' => '1',
  'user-agent' => 'Mozilla/5.0 (Windows NT 6.1; WOW64) AppleWebKit/537.36 (KHTML, like Gecko) Chrome/49.0.2623.221 Safari/537.36 SE 2.X MetaSr 1.0',
  'referer' => 'http://www.pro.com/index/course/courselist.html',
  'accept-encoding' => 'gzip, deflate, sdch',
  'accept-language' => 'zh-CN,zh;q=0.8',
  'cookie' => 'thinkphp_show_page_trace=0|0; PHPSESSID=f1dqubfs3i2qs7l2pfgks26a05; thinkphp_show_page_trace=0|0',
)
[ info ] [ PARAM ] array (
)
[ info ] [ RUN ] app\index\controller\Index->index[ D:\wamp6\wamp64\www\recruit\application\index\controller\Index.php ]
[ info ] [ VIEW ] D:\wamp6\wamp64\www\recruit\public/../application/index\view\index\index.html [ array (
  0 => 'nav',
) ]
[ info ] [ LOG ] INIT File
---------------------------------------------------------------
[ 2017-12-21T00:13:37+08:00 ] 127.0.0.1 127.0.0.1 GET /index/index/index.html
[ info ] www.pro.com/index/index/index.html [运行时间：0.077004s][吞吐率：12.99req/s] [内存消耗：2,642.93kb] [文件加载：39]
[ info ] [ LANG ] D:\wamp6\wamp64\www\recruit\thinkphp\lang\zh-cn.php
[ info ] [ ROUTE ] array (
  'type' => 'module',
  'module' => 
  array (
    0 => 'index',
    1 => 'index',
    2 => 'index',
  ),
)
[ info ] [ HEADER ] array (
  'host' => 'www.pro.com',
  'connection' => 'keep-alive',
  'accept' => 'text/html,application/xhtml+xml,application/xml;q=0.9,image/webp,*/*;q=0.8',
  'upgrade-insecure-requests' => '1',
  'user-agent' => 'Mozilla/5.0 (Windows NT 6.1; WOW64) AppleWebKit/537.36 (KHTML, like Gecko) Chrome/49.0.2623.221 Safari/537.36 SE 2.X MetaSr 1.0',
  'referer' => 'http://www.pro.com/index/index/index.html',
  'accept-encoding' => 'gzip, deflate, sdch',
  'accept-language' => 'zh-CN,zh;q=0.8',
  'cookie' => 'thinkphp_show_page_trace=0|0; PHPSESSID=f1dqubfs3i2qs7l2pfgks26a05; thinkphp_show_page_trace=0|0',
)
[ info ] [ PARAM ] array (
)
[ info ] [ RUN ] app\index\controller\Index->index[ D:\wamp6\wamp64\www\recruit\application\index\controller\Index.php ]
[ info ] [ VIEW ] D:\wamp6\wamp64\www\recruit\public/../application/index\view\index\index.html [ array (
  0 => 'nav',
) ]
[ info ] [ LOG ] INIT File
---------------------------------------------------------------
[ 2017-12-21T00:21:11+08:00 ] 127.0.0.1 127.0.0.1 GET /index/course/courselist.html
[ info ] www.pro.com/index/course/courselist.html [运行时间：0.102006s][吞吐率：9.80req/s] [内存消耗：2,914.23kb] [文件加载：41]
[ info ] [ LANG ] D:\wamp6\wamp64\www\recruit\thinkphp\lang\zh-cn.php
[ info ] [ ROUTE ] array (
  'type' => 'module',
  'module' => 
  array (
    0 => 'index',
    1 => 'course',
    2 => 'courselist',
  ),
)
[ info ] [ HEADER ] array (
  'host' => 'www.pro.com',
  'connection' => 'keep-alive',
  'accept' => 'text/html,application/xhtml+xml,application/xml;q=0.9,image/webp,*/*;q=0.8',
  'upgrade-insecure-requests' => '1',
  'user-agent' => 'Mozilla/5.0 (Windows NT 6.1; WOW64) AppleWebKit/537.36 (KHTML, like Gecko) Chrome/49.0.2623.221 Safari/537.36 SE 2.X MetaSr 1.0',
  'referer' => 'http://www.pro.com/index/index/index.html',
  'accept-encoding' => 'gzip, deflate, sdch',
  'accept-language' => 'zh-CN,zh;q=0.8',
  'cookie' => 'thinkphp_show_page_trace=0|0; PHPSESSID=f1dqubfs3i2qs7l2pfgks26a05; thinkphp_show_page_trace=0|0',
)
[ info ] [ PARAM ] array (
)
[ info ] [ RUN ] app\index\controller\Course->courseList[ D:\wamp6\wamp64\www\recruit\application\index\controller\Course.php ]
[ info ] [ VIEW ] D:\wamp6\wamp64\www\recruit\public/../application/index\view\course\courselist.html [ array (
  0 => 'nav',
) ]
[ info ] [ LOG ] INIT File
---------------------------------------------------------------
[ 2017-12-21T00:21:12+08:00 ] 127.0.0.1 127.0.0.1 GET /index/job/joblist.html
[ info ] www.pro.com/index/job/joblist.html [运行时间：0.141009s][吞吐率：7.09req/s] [内存消耗：2,912.61kb] [文件加载：41]
[ info ] [ LANG ] D:\wamp6\wamp64\www\recruit\thinkphp\lang\zh-cn.php
[ info ] [ ROUTE ] array (
  'type' => 'module',
  'module' => 
  array (
    0 => 'index',
    1 => 'job',
    2 => 'joblist',
  ),
)
[ info ] [ HEADER ] array (
  'host' => 'www.pro.com',
  'connection' => 'keep-alive',
  'accept' => 'text/html,application/xhtml+xml,application/xml;q=0.9,image/webp,*/*;q=0.8',
  'upgrade-insecure-requests' => '1',
  'user-agent' => 'Mozilla/5.0 (Windows NT 6.1; WOW64) AppleWebKit/537.36 (KHTML, like Gecko) Chrome/49.0.2623.221 Safari/537.36 SE 2.X MetaSr 1.0',
  'referer' => 'http://www.pro.com/index/course/courselist.html',
  'accept-encoding' => 'gzip, deflate, sdch',
  'accept-language' => 'zh-CN,zh;q=0.8',
  'cookie' => 'thinkphp_show_page_trace=0|0; PHPSESSID=f1dqubfs3i2qs7l2pfgks26a05; thinkphp_show_page_trace=0|0',
)
[ info ] [ PARAM ] array (
)
[ info ] [ RUN ] app\index\controller\Job->JobList[ D:\wamp6\wamp64\www\recruit\application\index\controller\Job.php ]
[ info ] [ VIEW ] D:\wamp6\wamp64\www\recruit\public/../application/index\view\job\joblist.html [ array (
  0 => 'nav',
) ]
[ info ] [ LOG ] INIT File
---------------------------------------------------------------
[ 2017-12-21T00:21:12+08:00 ] 127.0.0.1 127.0.0.1 GET /index/talent/talent.html
[ info ] www.pro.com/index/talent/talent.html [运行时间：0.080005s][吞吐率：12.50req/s] [内存消耗：2,908.63kb] [文件加载：41]
[ info ] [ LANG ] D:\wamp6\wamp64\www\recruit\thinkphp\lang\zh-cn.php
[ info ] [ ROUTE ] array (
  'type' => 'module',
  'module' => 
  array (
    0 => 'index',
    1 => 'talent',
    2 => 'talent',
  ),
)
[ info ] [ HEADER ] array (
  'host' => 'www.pro.com',
  'connection' => 'keep-alive',
  'accept' => 'text/html,application/xhtml+xml,application/xml;q=0.9,image/webp,*/*;q=0.8',
  'upgrade-insecure-requests' => '1',
  'user-agent' => 'Mozilla/5.0 (Windows NT 6.1; WOW64) AppleWebKit/537.36 (KHTML, like Gecko) Chrome/49.0.2623.221 Safari/537.36 SE 2.X MetaSr 1.0',
  'referer' => 'http://www.pro.com/index/job/joblist.html',
  'accept-encoding' => 'gzip, deflate, sdch',
  'accept-language' => 'zh-CN,zh;q=0.8',
  'cookie' => 'thinkphp_show_page_trace=0|0; PHPSESSID=f1dqubfs3i2qs7l2pfgks26a05; thinkphp_show_page_trace=0|0',
)
[ info ] [ PARAM ] array (
)
[ info ] [ RUN ] app\index\controller\Talent->talent[ D:\wamp6\wamp64\www\recruit\application\index\controller\Talent.php ]
[ info ] [ VIEW ] D:\wamp6\wamp64\www\recruit\public/../application/index\view\talent\talent.html [ array (
  0 => 'nav',
) ]
[ info ] [ LOG ] INIT File
---------------------------------------------------------------
[ 2017-12-21T00:21:13+08:00 ] 127.0.0.1 127.0.0.1 GET /companyadmin/index/login.html
[ info ] www.pro.com/companyadmin/index/login.html [运行时间：0.062004s][吞吐率：16.13req/s] [内存消耗：2,647.31kb] [文件加载：38]
[ info ] [ LANG ] D:\wamp6\wamp64\www\recruit\thinkphp\lang\zh-cn.php
[ info ] [ ROUTE ] array (
  'type' => 'module',
  'module' => 
  array (
    0 => 'companyadmin',
    1 => 'index',
    2 => 'login',
  ),
)
[ info ] [ HEADER ] array (
  'host' => 'www.pro.com',
  'connection' => 'keep-alive',
  'accept' => 'text/html,application/xhtml+xml,application/xml;q=0.9,image/webp,*/*;q=0.8',
  'upgrade-insecure-requests' => '1',
  'user-agent' => 'Mozilla/5.0 (Windows NT 6.1; WOW64) AppleWebKit/537.36 (KHTML, like Gecko) Chrome/49.0.2623.221 Safari/537.36 SE 2.X MetaSr 1.0',
  'referer' => 'http://www.pro.com/index/talent/talent.html',
  'accept-encoding' => 'gzip, deflate, sdch',
  'accept-language' => 'zh-CN,zh;q=0.8',
  'cookie' => 'thinkphp_show_page_trace=0|0; PHPSESSID=f1dqubfs3i2qs7l2pfgks26a05; thinkphp_show_page_trace=0|0',
)
[ info ] [ PARAM ] array (
)
[ info ] [ RUN ] app\companyadmin\controller\Index->login[ D:\wamp6\wamp64\www\recruit\application\companyadmin\controller\Index.php ]
[ info ] [ VIEW ] D:\wamp6\wamp64\www\recruit\public/../application/companyadmin\view\index\login.html [ array (
) ]
[ info ] [ LOG ] INIT File
---------------------------------------------------------------
[ 2017-12-21T00:21:18+08:00 ] 127.0.0.1 127.0.0.1 GET /index/job/joblist.html
[ info ] www.pro.com/index/job/joblist.html [运行时间：0.068004s][吞吐率：14.71req/s] [内存消耗：2,642.91kb] [文件加载：39]
[ info ] [ LANG ] D:\wamp6\wamp64\www\recruit\thinkphp\lang\zh-cn.php
[ info ] [ ROUTE ] array (
  'type' => 'module',
  'module' => 
  array (
    0 => 'index',
    1 => 'job',
    2 => 'joblist',
  ),
)
[ info ] [ HEADER ] array (
  'host' => 'www.pro.com',
  'connection' => 'keep-alive',
  'accept' => 'text/html,application/xhtml+xml,application/xml;q=0.9,image/webp,*/*;q=0.8',
  'upgrade-insecure-requests' => '1',
  'user-agent' => 'Mozilla/5.0 (Windows NT 6.1; WOW64) AppleWebKit/537.36 (KHTML, like Gecko) Chrome/49.0.2623.221 Safari/537.36 SE 2.X MetaSr 1.0',
  'referer' => 'http://www.pro.com/index/talent/talent.html',
  'accept-encoding' => 'gzip, deflate, sdch',
  'accept-language' => 'zh-CN,zh;q=0.8',
  'cookie' => 'thinkphp_show_page_trace=0|0; PHPSESSID=f1dqubfs3i2qs7l2pfgks26a05; thinkphp_show_page_trace=0|0',
)
[ info ] [ PARAM ] array (
)
[ info ] [ RUN ] app\index\controller\Job->JobList[ D:\wamp6\wamp64\www\recruit\application\index\controller\Job.php ]
[ info ] [ VIEW ] D:\wamp6\wamp64\www\recruit\public/../application/index\view\job\joblist.html [ array (
  0 => 'nav',
) ]
[ info ] [ LOG ] INIT File
---------------------------------------------------------------
[ 2017-12-21T00:21:18+08:00 ] 127.0.0.1 127.0.0.1 GET /index/course/courselist.html
[ info ] www.pro.com/index/course/courselist.html [运行时间：0.076004s][吞吐率：13.16req/s] [内存消耗：2,643.91kb] [文件加载：39]
[ info ] [ LANG ] D:\wamp6\wamp64\www\recruit\thinkphp\lang\zh-cn.php
[ info ] [ ROUTE ] array (
  'type' => 'module',
  'module' => 
  array (
    0 => 'index',
    1 => 'course',
    2 => 'courselist',
  ),
)
[ info ] [ HEADER ] array (
  'host' => 'www.pro.com',
  'connection' => 'keep-alive',
  'accept' => 'text/html,application/xhtml+xml,application/xml;q=0.9,image/webp,*/*;q=0.8',
  'upgrade-insecure-requests' => '1',
  'user-agent' => 'Mozilla/5.0 (Windows NT 6.1; WOW64) AppleWebKit/537.36 (KHTML, like Gecko) Chrome/49.0.2623.221 Safari/537.36 SE 2.X MetaSr 1.0',
  'referer' => 'http://www.pro.com/index/job/joblist.html',
  'accept-encoding' => 'gzip, deflate, sdch',
  'accept-language' => 'zh-CN,zh;q=0.8',
  'cookie' => 'thinkphp_show_page_trace=0|0; PHPSESSID=f1dqubfs3i2qs7l2pfgks26a05; thinkphp_show_page_trace=0|0',
)
[ info ] [ PARAM ] array (
)
[ info ] [ RUN ] app\index\controller\Course->courseList[ D:\wamp6\wamp64\www\recruit\application\index\controller\Course.php ]
[ info ] [ VIEW ] D:\wamp6\wamp64\www\recruit\public/../application/index\view\course\courselist.html [ array (
  0 => 'nav',
) ]
[ info ] [ LOG ] INIT File
---------------------------------------------------------------
[ 2017-12-21T00:21:19+08:00 ] 127.0.0.1 127.0.0.1 GET /index/index/index.html
[ info ] www.pro.com/index/index/index.html [运行时间：0.067004s][吞吐率：14.92req/s] [内存消耗：2,642.89kb] [文件加载：39]
[ info ] [ LANG ] D:\wamp6\wamp64\www\recruit\thinkphp\lang\zh-cn.php
[ info ] [ ROUTE ] array (
  'type' => 'module',
  'module' => 
  array (
    0 => 'index',
    1 => 'index',
    2 => 'index',
  ),
)
[ info ] [ HEADER ] array (
  'host' => 'www.pro.com',
  'connection' => 'keep-alive',
  'accept' => 'text/html,application/xhtml+xml,application/xml;q=0.9,image/webp,*/*;q=0.8',
  'upgrade-insecure-requests' => '1',
  'user-agent' => 'Mozilla/5.0 (Windows NT 6.1; WOW64) AppleWebKit/537.36 (KHTML, like Gecko) Chrome/49.0.2623.221 Safari/537.36 SE 2.X MetaSr 1.0',
  'referer' => 'http://www.pro.com/index/course/courselist.html',
  'accept-encoding' => 'gzip, deflate, sdch',
  'accept-language' => 'zh-CN,zh;q=0.8',
  'cookie' => 'thinkphp_show_page_trace=0|0; PHPSESSID=f1dqubfs3i2qs7l2pfgks26a05; thinkphp_show_page_trace=0|0',
)
[ info ] [ PARAM ] array (
)
[ info ] [ RUN ] app\index\controller\Index->index[ D:\wamp6\wamp64\www\recruit\application\index\controller\Index.php ]
[ info ] [ VIEW ] D:\wamp6\wamp64\www\recruit\public/../application/index\view\index\index.html [ array (
  0 => 'nav',
) ]
[ info ] [ LOG ] INIT File
---------------------------------------------------------------
[ 2017-12-21T00:21:52+08:00 ] 127.0.0.1 127.0.0.1 GET /index/course/courselist.html
[ info ] www.pro.com/index/course/courselist.html [运行时间：0.073004s][吞吐率：13.70req/s] [内存消耗：2,643.91kb] [文件加载：39]
[ info ] [ LANG ] D:\wamp6\wamp64\www\recruit\thinkphp\lang\zh-cn.php
[ info ] [ ROUTE ] array (
  'type' => 'module',
  'module' => 
  array (
    0 => 'index',
    1 => 'course',
    2 => 'courselist',
  ),
)
[ info ] [ HEADER ] array (
  'host' => 'www.pro.com',
  'connection' => 'keep-alive',
  'accept' => 'text/html,application/xhtml+xml,application/xml;q=0.9,image/webp,*/*;q=0.8',
  'upgrade-insecure-requests' => '1',
  'user-agent' => 'Mozilla/5.0 (Windows NT 6.1; WOW64) AppleWebKit/537.36 (KHTML, like Gecko) Chrome/49.0.2623.221 Safari/537.36 SE 2.X MetaSr 1.0',
  'referer' => 'http://www.pro.com/index/index/index.html',
  'accept-encoding' => 'gzip, deflate, sdch',
  'accept-language' => 'zh-CN,zh;q=0.8',
  'cookie' => 'thinkphp_show_page_trace=0|0; PHPSESSID=f1dqubfs3i2qs7l2pfgks26a05; thinkphp_show_page_trace=0|0',
)
[ info ] [ PARAM ] array (
)
[ info ] [ RUN ] app\index\controller\Course->courseList[ D:\wamp6\wamp64\www\recruit\application\index\controller\Course.php ]
[ info ] [ VIEW ] D:\wamp6\wamp64\www\recruit\public/../application/index\view\course\courselist.html [ array (
  0 => 'nav',
) ]
[ info ] [ LOG ] INIT File
---------------------------------------------------------------
[ 2017-12-21T00:21:53+08:00 ] 127.0.0.1 127.0.0.1 GET /index/job/joblist.html
[ info ] www.pro.com/index/job/joblist.html [运行时间：0.071004s][吞吐率：14.08req/s] [内存消耗：2,643.02kb] [文件加载：39]
[ info ] [ LANG ] D:\wamp6\wamp64\www\recruit\thinkphp\lang\zh-cn.php
[ info ] [ ROUTE ] array (
  'type' => 'module',
  'module' => 
  array (
    0 => 'index',
    1 => 'job',
    2 => 'joblist',
  ),
)
[ info ] [ HEADER ] array (
  'host' => 'www.pro.com',
  'connection' => 'keep-alive',
  'accept' => 'text/html,application/xhtml+xml,application/xml;q=0.9,image/webp,*/*;q=0.8',
  'upgrade-insecure-requests' => '1',
  'user-agent' => 'Mozilla/5.0 (Windows NT 6.1; WOW64) AppleWebKit/537.36 (KHTML, like Gecko) Chrome/49.0.2623.221 Safari/537.36 SE 2.X MetaSr 1.0',
  'referer' => 'http://www.pro.com/index/course/courselist.html',
  'accept-encoding' => 'gzip, deflate, sdch',
  'accept-language' => 'zh-CN,zh;q=0.8',
  'cookie' => 'thinkphp_show_page_trace=0|0; PHPSESSID=f1dqubfs3i2qs7l2pfgks26a05; thinkphp_show_page_trace=0|0',
)
[ info ] [ PARAM ] array (
)
[ info ] [ RUN ] app\index\controller\Job->JobList[ D:\wamp6\wamp64\www\recruit\application\index\controller\Job.php ]
[ info ] [ VIEW ] D:\wamp6\wamp64\www\recruit\public/../application/index\view\job\joblist.html [ array (
  0 => 'nav',
) ]
[ info ] [ LOG ] INIT File
---------------------------------------------------------------
[ 2017-12-21T00:21:53+08:00 ] 127.0.0.1 127.0.0.1 GET /index/talent/talent.html
[ info ] www.pro.com/index/talent/talent.html [运行时间：0.068004s][吞吐率：14.71req/s] [内存消耗：2,642.86kb] [文件加载：39]
[ info ] [ LANG ] D:\wamp6\wamp64\www\recruit\thinkphp\lang\zh-cn.php
[ info ] [ ROUTE ] array (
  'type' => 'module',
  'module' => 
  array (
    0 => 'index',
    1 => 'talent',
    2 => 'talent',
  ),
)
[ info ] [ HEADER ] array (
  'host' => 'www.pro.com',
  'connection' => 'keep-alive',
  'accept' => 'text/html,application/xhtml+xml,application/xml;q=0.9,image/webp,*/*;q=0.8',
  'upgrade-insecure-requests' => '1',
  'user-agent' => 'Mozilla/5.0 (Windows NT 6.1; WOW64) AppleWebKit/537.36 (KHTML, like Gecko) Chrome/49.0.2623.221 Safari/537.36 SE 2.X MetaSr 1.0',
  'referer' => 'http://www.pro.com/index/job/joblist.html',
  'accept-encoding' => 'gzip, deflate, sdch',
  'accept-language' => 'zh-CN,zh;q=0.8',
  'cookie' => 'thinkphp_show_page_trace=0|0; PHPSESSID=f1dqubfs3i2qs7l2pfgks26a05; thinkphp_show_page_trace=0|0',
)
[ info ] [ PARAM ] array (
)
[ info ] [ RUN ] app\index\controller\Talent->talent[ D:\wamp6\wamp64\www\recruit\application\index\controller\Talent.php ]
[ info ] [ VIEW ] D:\wamp6\wamp64\www\recruit\public/../application/index\view\talent\talent.html [ array (
  0 => 'nav',
) ]
[ info ] [ LOG ] INIT File
---------------------------------------------------------------
[ 2017-12-21T00:21:54+08:00 ] 127.0.0.1 127.0.0.1 GET /companyadmin/index/login.html
[ info ] www.pro.com/companyadmin/index/login.html [运行时间：0.063004s][吞吐率：15.87req/s] [内存消耗：2,647.31kb] [文件加载：38]
[ info ] [ LANG ] D:\wamp6\wamp64\www\recruit\thinkphp\lang\zh-cn.php
[ info ] [ ROUTE ] array (
  'type' => 'module',
  'module' => 
  array (
    0 => 'companyadmin',
    1 => 'index',
    2 => 'login',
  ),
)
[ info ] [ HEADER ] array (
  'host' => 'www.pro.com',
  'connection' => 'keep-alive',
  'accept' => 'text/html,application/xhtml+xml,application/xml;q=0.9,image/webp,*/*;q=0.8',
  'upgrade-insecure-requests' => '1',
  'user-agent' => 'Mozilla/5.0 (Windows NT 6.1; WOW64) AppleWebKit/537.36 (KHTML, like Gecko) Chrome/49.0.2623.221 Safari/537.36 SE 2.X MetaSr 1.0',
  'referer' => 'http://www.pro.com/index/talent/talent.html',
  'accept-encoding' => 'gzip, deflate, sdch',
  'accept-language' => 'zh-CN,zh;q=0.8',
  'cookie' => 'thinkphp_show_page_trace=0|0; PHPSESSID=f1dqubfs3i2qs7l2pfgks26a05; thinkphp_show_page_trace=0|0',
)
[ info ] [ PARAM ] array (
)
[ info ] [ RUN ] app\companyadmin\controller\Index->login[ D:\wamp6\wamp64\www\recruit\application\companyadmin\controller\Index.php ]
[ info ] [ VIEW ] D:\wamp6\wamp64\www\recruit\public/../application/companyadmin\view\index\login.html [ array (
) ]
[ info ] [ LOG ] INIT File
---------------------------------------------------------------
[ 2017-12-21T00:21:57+08:00 ] 127.0.0.1 127.0.0.1 GET /index/index/index.html
[ info ] www.pro.com/index/index/index.html [运行时间：0.071004s][吞吐率：14.08req/s] [内存消耗：2,642.95kb] [文件加载：39]
[ info ] [ LANG ] D:\wamp6\wamp64\www\recruit\thinkphp\lang\zh-cn.php
[ info ] [ ROUTE ] array (
  'type' => 'module',
  'module' => 
  array (
    0 => 'index',
    1 => 'index',
    2 => 'index',
  ),
)
[ info ] [ HEADER ] array (
  'host' => 'www.pro.com',
  'connection' => 'keep-alive',
  'accept' => 'text/html,application/xhtml+xml,application/xml;q=0.9,image/webp,*/*;q=0.8',
  'upgrade-insecure-requests' => '1',
  'user-agent' => 'Mozilla/5.0 (Windows NT 6.1; WOW64) AppleWebKit/537.36 (KHTML, like Gecko) Chrome/49.0.2623.221 Safari/537.36 SE 2.X MetaSr 1.0',
  'referer' => 'http://www.pro.com/index/talent/talent.html',
  'accept-encoding' => 'gzip, deflate, sdch',
  'accept-language' => 'zh-CN,zh;q=0.8',
  'cookie' => 'thinkphp_show_page_trace=0|0; PHPSESSID=f1dqubfs3i2qs7l2pfgks26a05; thinkphp_show_page_trace=0|0',
)
[ info ] [ PARAM ] array (
)
[ info ] [ RUN ] app\index\controller\Index->index[ D:\wamp6\wamp64\www\recruit\application\index\controller\Index.php ]
[ info ] [ VIEW ] D:\wamp6\wamp64\www\recruit\public/../application/index\view\index\index.html [ array (
  0 => 'nav',
) ]
[ info ] [ LOG ] INIT File
---------------------------------------------------------------
[ 2017-12-21T00:22:00+08:00 ] 127.0.0.1 127.0.0.1 GET /index/course/courselist.html
[ info ] www.pro.com/index/course/courselist.html [运行时间：0.068004s][吞吐率：14.70req/s] [内存消耗：2,643.91kb] [文件加载：39]
[ info ] [ LANG ] D:\wamp6\wamp64\www\recruit\thinkphp\lang\zh-cn.php
[ info ] [ ROUTE ] array (
  'type' => 'module',
  'module' => 
  array (
    0 => 'index',
    1 => 'course',
    2 => 'courselist',
  ),
)
[ info ] [ HEADER ] array (
  'host' => 'www.pro.com',
  'connection' => 'keep-alive',
  'accept' => 'text/html,application/xhtml+xml,application/xml;q=0.9,image/webp,*/*;q=0.8',
  'upgrade-insecure-requests' => '1',
  'user-agent' => 'Mozilla/5.0 (Windows NT 6.1; WOW64) AppleWebKit/537.36 (KHTML, like Gecko) Chrome/49.0.2623.221 Safari/537.36 SE 2.X MetaSr 1.0',
  'referer' => 'http://www.pro.com/index/index/index.html',
  'accept-encoding' => 'gzip, deflate, sdch',
  'accept-language' => 'zh-CN,zh;q=0.8',
  'cookie' => 'thinkphp_show_page_trace=0|0; PHPSESSID=f1dqubfs3i2qs7l2pfgks26a05; thinkphp_show_page_trace=0|0',
)
[ info ] [ PARAM ] array (
)
[ info ] [ RUN ] app\index\controller\Course->courseList[ D:\wamp6\wamp64\www\recruit\application\index\controller\Course.php ]
[ info ] [ VIEW ] D:\wamp6\wamp64\www\recruit\public/../application/index\view\course\courselist.html [ array (
  0 => 'nav',
) ]
[ info ] [ LOG ] INIT File
---------------------------------------------------------------
[ 2017-12-21T00:22:01+08:00 ] 127.0.0.1 127.0.0.1 GET /index/job/joblist.html
[ info ] www.pro.com/index/job/joblist.html [运行时间：0.070004s][吞吐率：14.28req/s] [内存消耗：2,643.02kb] [文件加载：39]
[ info ] [ LANG ] D:\wamp6\wamp64\www\recruit\thinkphp\lang\zh-cn.php
[ info ] [ ROUTE ] array (
  'type' => 'module',
  'module' => 
  array (
    0 => 'index',
    1 => 'job',
    2 => 'joblist',
  ),
)
[ info ] [ HEADER ] array (
  'host' => 'www.pro.com',
  'connection' => 'keep-alive',
  'accept' => 'text/html,application/xhtml+xml,application/xml;q=0.9,image/webp,*/*;q=0.8',
  'upgrade-insecure-requests' => '1',
  'user-agent' => 'Mozilla/5.0 (Windows NT 6.1; WOW64) AppleWebKit/537.36 (KHTML, like Gecko) Chrome/49.0.2623.221 Safari/537.36 SE 2.X MetaSr 1.0',
  'referer' => 'http://www.pro.com/index/course/courselist.html',
  'accept-encoding' => 'gzip, deflate, sdch',
  'accept-language' => 'zh-CN,zh;q=0.8',
  'cookie' => 'thinkphp_show_page_trace=0|0; PHPSESSID=f1dqubfs3i2qs7l2pfgks26a05; thinkphp_show_page_trace=0|0',
)
[ info ] [ PARAM ] array (
)
[ info ] [ RUN ] app\index\controller\Job->JobList[ D:\wamp6\wamp64\www\recruit\application\index\controller\Job.php ]
[ info ] [ VIEW ] D:\wamp6\wamp64\www\recruit\public/../application/index\view\job\joblist.html [ array (
  0 => 'nav',
) ]
[ info ] [ LOG ] INIT File
---------------------------------------------------------------
[ 2017-12-21T00:22:02+08:00 ] 127.0.0.1 127.0.0.1 GET /index/talent/talent.html
[ info ] www.pro.com/index/talent/talent.html [运行时间：0.071004s][吞吐率：14.08req/s] [内存消耗：2,642.86kb] [文件加载：39]
[ info ] [ LANG ] D:\wamp6\wamp64\www\recruit\thinkphp\lang\zh-cn.php
[ info ] [ ROUTE ] array (
  'type' => 'module',
  'module' => 
  array (
    0 => 'index',
    1 => 'talent',
    2 => 'talent',
  ),
)
[ info ] [ HEADER ] array (
  'host' => 'www.pro.com',
  'connection' => 'keep-alive',
  'accept' => 'text/html,application/xhtml+xml,application/xml;q=0.9,image/webp,*/*;q=0.8',
  'upgrade-insecure-requests' => '1',
  'user-agent' => 'Mozilla/5.0 (Windows NT 6.1; WOW64) AppleWebKit/537.36 (KHTML, like Gecko) Chrome/49.0.2623.221 Safari/537.36 SE 2.X MetaSr 1.0',
  'referer' => 'http://www.pro.com/index/job/joblist.html',
  'accept-encoding' => 'gzip, deflate, sdch',
  'accept-language' => 'zh-CN,zh;q=0.8',
  'cookie' => 'thinkphp_show_page_trace=0|0; PHPSESSID=f1dqubfs3i2qs7l2pfgks26a05; thinkphp_show_page_trace=0|0',
)
[ info ] [ PARAM ] array (
)
[ info ] [ RUN ] app\index\controller\Talent->talent[ D:\wamp6\wamp64\www\recruit\application\index\controller\Talent.php ]
[ info ] [ VIEW ] D:\wamp6\wamp64\www\recruit\public/../application/index\view\talent\talent.html [ array (
  0 => 'nav',
) ]
[ info ] [ LOG ] INIT File
---------------------------------------------------------------
[ 2017-12-21T00:22:03+08:00 ] 127.0.0.1 127.0.0.1 GET /companyadmin/index/login.html
[ info ] www.pro.com/companyadmin/index/login.html [运行时间：0.064004s][吞吐率：15.62req/s] [内存消耗：2,647.31kb] [文件加载：38]
[ info ] [ LANG ] D:\wamp6\wamp64\www\recruit\thinkphp\lang\zh-cn.php
[ info ] [ ROUTE ] array (
  'type' => 'module',
  'module' => 
  array (
    0 => 'companyadmin',
    1 => 'index',
    2 => 'login',
  ),
)
[ info ] [ HEADER ] array (
  'host' => 'www.pro.com',
  'connection' => 'keep-alive',
  'accept' => 'text/html,application/xhtml+xml,application/xml;q=0.9,image/webp,*/*;q=0.8',
  'upgrade-insecure-requests' => '1',
  'user-agent' => 'Mozilla/5.0 (Windows NT 6.1; WOW64) AppleWebKit/537.36 (KHTML, like Gecko) Chrome/49.0.2623.221 Safari/537.36 SE 2.X MetaSr 1.0',
  'referer' => 'http://www.pro.com/index/talent/talent.html',
  'accept-encoding' => 'gzip, deflate, sdch',
  'accept-language' => 'zh-CN,zh;q=0.8',
  'cookie' => 'thinkphp_show_page_trace=0|0; PHPSESSID=f1dqubfs3i2qs7l2pfgks26a05; thinkphp_show_page_trace=0|0',
)
[ info ] [ PARAM ] array (
)
[ info ] [ RUN ] app\companyadmin\controller\Index->login[ D:\wamp6\wamp64\www\recruit\application\companyadmin\controller\Index.php ]
[ info ] [ VIEW ] D:\wamp6\wamp64\www\recruit\public/../application/companyadmin\view\index\login.html [ array (
) ]
[ info ] [ LOG ] INIT File
---------------------------------------------------------------
[ 2017-12-21T00:22:17+08:00 ] 127.0.0.1 127.0.0.1 GET /index/index/index.html
[ info ] www.pro.com/index/index/index.html [运行时间：0.074004s][吞吐率：13.51req/s] [内存消耗：2,642.95kb] [文件加载：39]
[ info ] [ LANG ] D:\wamp6\wamp64\www\recruit\thinkphp\lang\zh-cn.php
[ info ] [ ROUTE ] array (
  'type' => 'module',
  'module' => 
  array (
    0 => 'index',
    1 => 'index',
    2 => 'index',
  ),
)
[ info ] [ HEADER ] array (
  'host' => 'www.pro.com',
  'connection' => 'keep-alive',
  'accept' => 'text/html,application/xhtml+xml,application/xml;q=0.9,image/webp,*/*;q=0.8',
  'upgrade-insecure-requests' => '1',
  'user-agent' => 'Mozilla/5.0 (Windows NT 6.1; WOW64) AppleWebKit/537.36 (KHTML, like Gecko) Chrome/49.0.2623.221 Safari/537.36 SE 2.X MetaSr 1.0',
  'referer' => 'http://www.pro.com/index/talent/talent.html',
  'accept-encoding' => 'gzip, deflate, sdch',
  'accept-language' => 'zh-CN,zh;q=0.8',
  'cookie' => 'thinkphp_show_page_trace=0|0; PHPSESSID=f1dqubfs3i2qs7l2pfgks26a05; thinkphp_show_page_trace=0|0',
)
[ info ] [ PARAM ] array (
)
[ info ] [ RUN ] app\index\controller\Index->index[ D:\wamp6\wamp64\www\recruit\application\index\controller\Index.php ]
[ info ] [ VIEW ] D:\wamp6\wamp64\www\recruit\public/../application/index\view\index\index.html [ array (
  0 => 'nav',
) ]
[ info ] [ LOG ] INIT File
---------------------------------------------------------------
[ 2017-12-21T00:22:17+08:00 ] 127.0.0.1 127.0.0.1 GET /index/index/index.html
[ info ] www.pro.com/index/index/index.html [运行时间：0.096006s][吞吐率：10.42req/s] [内存消耗：2,642.93kb] [文件加载：39]
[ info ] [ LANG ] D:\wamp6\wamp64\www\recruit\thinkphp\lang\zh-cn.php
[ info ] [ ROUTE ] array (
  'type' => 'module',
  'module' => 
  array (
    0 => 'index',
    1 => 'index',
    2 => 'index',
  ),
)
[ info ] [ HEADER ] array (
  'host' => 'www.pro.com',
  'connection' => 'keep-alive',
  'accept' => 'text/html,application/xhtml+xml,application/xml;q=0.9,image/webp,*/*;q=0.8',
  'upgrade-insecure-requests' => '1',
  'user-agent' => 'Mozilla/5.0 (Windows NT 6.1; WOW64) AppleWebKit/537.36 (KHTML, like Gecko) Chrome/49.0.2623.221 Safari/537.36 SE 2.X MetaSr 1.0',
  'referer' => 'http://www.pro.com/index/index/index.html',
  'accept-encoding' => 'gzip, deflate, sdch',
  'accept-language' => 'zh-CN,zh;q=0.8',
  'cookie' => 'thinkphp_show_page_trace=0|0; PHPSESSID=f1dqubfs3i2qs7l2pfgks26a05; thinkphp_show_page_trace=0|0',
)
[ info ] [ PARAM ] array (
)
[ info ] [ RUN ] app\index\controller\Index->index[ D:\wamp6\wamp64\www\recruit\application\index\controller\Index.php ]
[ info ] [ VIEW ] D:\wamp6\wamp64\www\recruit\public/../application/index\view\index\index.html [ array (
  0 => 'nav',
) ]
[ info ] [ LOG ] INIT File
---------------------------------------------------------------
[ 2017-12-21T00:22:34+08:00 ] 127.0.0.1 127.0.0.1 GET /index/course/courselist.html
[ info ] www.pro.com/index/course/courselist.html [运行时间：0.074004s][吞吐率：13.51req/s] [内存消耗：2,643.91kb] [文件加载：39]
[ info ] [ LANG ] D:\wamp6\wamp64\www\recruit\thinkphp\lang\zh-cn.php
[ info ] [ ROUTE ] array (
  'type' => 'module',
  'module' => 
  array (
    0 => 'index',
    1 => 'course',
    2 => 'courselist',
  ),
)
[ info ] [ HEADER ] array (
  'host' => 'www.pro.com',
  'connection' => 'keep-alive',
  'accept' => 'text/html,application/xhtml+xml,application/xml;q=0.9,image/webp,*/*;q=0.8',
  'upgrade-insecure-requests' => '1',
  'user-agent' => 'Mozilla/5.0 (Windows NT 6.1; WOW64) AppleWebKit/537.36 (KHTML, like Gecko) Chrome/49.0.2623.221 Safari/537.36 SE 2.X MetaSr 1.0',
  'referer' => 'http://www.pro.com/index/index/index.html',
  'accept-encoding' => 'gzip, deflate, sdch',
  'accept-language' => 'zh-CN,zh;q=0.8',
  'cookie' => 'thinkphp_show_page_trace=0|0; PHPSESSID=f1dqubfs3i2qs7l2pfgks26a05; thinkphp_show_page_trace=0|0',
)
[ info ] [ PARAM ] array (
)
[ info ] [ RUN ] app\index\controller\Course->courseList[ D:\wamp6\wamp64\www\recruit\application\index\controller\Course.php ]
[ info ] [ VIEW ] D:\wamp6\wamp64\www\recruit\public/../application/index\view\course\courselist.html [ array (
  0 => 'nav',
) ]
[ info ] [ LOG ] INIT File
---------------------------------------------------------------
[ 2017-12-21T00:22:34+08:00 ] 127.0.0.1 127.0.0.1 GET /index/job/joblist.html
[ info ] www.pro.com/index/job/joblist.html [运行时间：0.079005s][吞吐率：12.66req/s] [内存消耗：2,643.02kb] [文件加载：39]
[ info ] [ LANG ] D:\wamp6\wamp64\www\recruit\thinkphp\lang\zh-cn.php
[ info ] [ ROUTE ] array (
  'type' => 'module',
  'module' => 
  array (
    0 => 'index',
    1 => 'job',
    2 => 'joblist',
  ),
)
[ info ] [ HEADER ] array (
  'host' => 'www.pro.com',
  'connection' => 'keep-alive',
  'accept' => 'text/html,application/xhtml+xml,application/xml;q=0.9,image/webp,*/*;q=0.8',
  'upgrade-insecure-requests' => '1',
  'user-agent' => 'Mozilla/5.0 (Windows NT 6.1; WOW64) AppleWebKit/537.36 (KHTML, like Gecko) Chrome/49.0.2623.221 Safari/537.36 SE 2.X MetaSr 1.0',
  'referer' => 'http://www.pro.com/index/course/courselist.html',
  'accept-encoding' => 'gzip, deflate, sdch',
  'accept-language' => 'zh-CN,zh;q=0.8',
  'cookie' => 'thinkphp_show_page_trace=0|0; PHPSESSID=f1dqubfs3i2qs7l2pfgks26a05; thinkphp_show_page_trace=0|0',
)
[ info ] [ PARAM ] array (
)
[ info ] [ RUN ] app\index\controller\Job->JobList[ D:\wamp6\wamp64\www\recruit\application\index\controller\Job.php ]
[ info ] [ VIEW ] D:\wamp6\wamp64\www\recruit\public/../application/index\view\job\joblist.html [ array (
  0 => 'nav',
) ]
[ info ] [ LOG ] INIT File
---------------------------------------------------------------
[ 2017-12-21T00:22:35+08:00 ] 127.0.0.1 127.0.0.1 GET /index/talent/talent.html
[ info ] www.pro.com/index/talent/talent.html [运行时间：0.071004s][吞吐率：14.08req/s] [内存消耗：2,642.86kb] [文件加载：39]
[ info ] [ LANG ] D:\wamp6\wamp64\www\recruit\thinkphp\lang\zh-cn.php
[ info ] [ ROUTE ] array (
  'type' => 'module',
  'module' => 
  array (
    0 => 'index',
    1 => 'talent',
    2 => 'talent',
  ),
)
[ info ] [ HEADER ] array (
  'host' => 'www.pro.com',
  'connection' => 'keep-alive',
  'accept' => 'text/html,application/xhtml+xml,application/xml;q=0.9,image/webp,*/*;q=0.8',
  'upgrade-insecure-requests' => '1',
  'user-agent' => 'Mozilla/5.0 (Windows NT 6.1; WOW64) AppleWebKit/537.36 (KHTML, like Gecko) Chrome/49.0.2623.221 Safari/537.36 SE 2.X MetaSr 1.0',
  'referer' => 'http://www.pro.com/index/job/joblist.html',
  'accept-encoding' => 'gzip, deflate, sdch',
  'accept-language' => 'zh-CN,zh;q=0.8',
  'cookie' => 'thinkphp_show_page_trace=0|0; PHPSESSID=f1dqubfs3i2qs7l2pfgks26a05; thinkphp_show_page_trace=0|0',
)
[ info ] [ PARAM ] array (
)
[ info ] [ RUN ] app\index\controller\Talent->talent[ D:\wamp6\wamp64\www\recruit\application\index\controller\Talent.php ]
[ info ] [ VIEW ] D:\wamp6\wamp64\www\recruit\public/../application/index\view\talent\talent.html [ array (
  0 => 'nav',
) ]
[ info ] [ LOG ] INIT File
---------------------------------------------------------------
[ 2017-12-21T00:22:35+08:00 ] 127.0.0.1 127.0.0.1 GET /companyadmin/index/login.html
[ info ] www.pro.com/companyadmin/index/login.html [运行时间：0.066004s][吞吐率：15.15req/s] [内存消耗：2,647.31kb] [文件加载：38]
[ info ] [ LANG ] D:\wamp6\wamp64\www\recruit\thinkphp\lang\zh-cn.php
[ info ] [ ROUTE ] array (
  'type' => 'module',
  'module' => 
  array (
    0 => 'companyadmin',
    1 => 'index',
    2 => 'login',
  ),
)
[ info ] [ HEADER ] array (
  'host' => 'www.pro.com',
  'connection' => 'keep-alive',
  'accept' => 'text/html,application/xhtml+xml,application/xml;q=0.9,image/webp,*/*;q=0.8',
  'upgrade-insecure-requests' => '1',
  'user-agent' => 'Mozilla/5.0 (Windows NT 6.1; WOW64) AppleWebKit/537.36 (KHTML, like Gecko) Chrome/49.0.2623.221 Safari/537.36 SE 2.X MetaSr 1.0',
  'referer' => 'http://www.pro.com/index/talent/talent.html',
  'accept-encoding' => 'gzip, deflate, sdch',
  'accept-language' => 'zh-CN,zh;q=0.8',
  'cookie' => 'thinkphp_show_page_trace=0|0; PHPSESSID=f1dqubfs3i2qs7l2pfgks26a05; thinkphp_show_page_trace=0|0',
)
[ info ] [ PARAM ] array (
)
[ info ] [ RUN ] app\companyadmin\controller\Index->login[ D:\wamp6\wamp64\www\recruit\application\companyadmin\controller\Index.php ]
[ info ] [ VIEW ] D:\wamp6\wamp64\www\recruit\public/../application/companyadmin\view\index\login.html [ array (
) ]
[ info ] [ LOG ] INIT File
---------------------------------------------------------------
[ 2017-12-21T00:22:39+08:00 ] 127.0.0.1 127.0.0.1 GET /index/job/joblist.html
[ info ] www.pro.com/index/job/joblist.html [运行时间：0.073004s][吞吐率：13.70req/s] [内存消耗：2,642.91kb] [文件加载：39]
[ info ] [ LANG ] D:\wamp6\wamp64\www\recruit\thinkphp\lang\zh-cn.php
[ info ] [ ROUTE ] array (
  'type' => 'module',
  'module' => 
  array (
    0 => 'index',
    1 => 'job',
    2 => 'joblist',
  ),
)
[ info ] [ HEADER ] array (
  'host' => 'www.pro.com',
  'connection' => 'keep-alive',
  'accept' => 'text/html,application/xhtml+xml,application/xml;q=0.9,image/webp,*/*;q=0.8',
  'upgrade-insecure-requests' => '1',
  'user-agent' => 'Mozilla/5.0 (Windows NT 6.1; WOW64) AppleWebKit/537.36 (KHTML, like Gecko) Chrome/49.0.2623.221 Safari/537.36 SE 2.X MetaSr 1.0',
  'referer' => 'http://www.pro.com/index/talent/talent.html',
  'accept-encoding' => 'gzip, deflate, sdch',
  'accept-language' => 'zh-CN,zh;q=0.8',
  'cookie' => 'thinkphp_show_page_trace=0|0; PHPSESSID=f1dqubfs3i2qs7l2pfgks26a05; thinkphp_show_page_trace=0|0',
)
[ info ] [ PARAM ] array (
)
[ info ] [ RUN ] app\index\controller\Job->JobList[ D:\wamp6\wamp64\www\recruit\application\index\controller\Job.php ]
[ info ] [ VIEW ] D:\wamp6\wamp64\www\recruit\public/../application/index\view\job\joblist.html [ array (
  0 => 'nav',
) ]
[ info ] [ LOG ] INIT File
---------------------------------------------------------------
[ 2017-12-21T00:22:41+08:00 ] 127.0.0.1 127.0.0.1 GET /index/course/courselist.html
[ info ] www.pro.com/index/course/courselist.html [运行时间：0.071004s][吞吐率：14.08req/s] [内存消耗：2,643.91kb] [文件加载：39]
[ info ] [ LANG ] D:\wamp6\wamp64\www\recruit\thinkphp\lang\zh-cn.php
[ info ] [ ROUTE ] array (
  'type' => 'module',
  'module' => 
  array (
    0 => 'index',
    1 => 'course',
    2 => 'courselist',
  ),
)
[ info ] [ HEADER ] array (
  'host' => 'www.pro.com',
  'connection' => 'keep-alive',
  'accept' => 'text/html,application/xhtml+xml,application/xml;q=0.9,image/webp,*/*;q=0.8',
  'upgrade-insecure-requests' => '1',
  'user-agent' => 'Mozilla/5.0 (Windows NT 6.1; WOW64) AppleWebKit/537.36 (KHTML, like Gecko) Chrome/49.0.2623.221 Safari/537.36 SE 2.X MetaSr 1.0',
  'referer' => 'http://www.pro.com/index/job/joblist.html',
  'accept-encoding' => 'gzip, deflate, sdch',
  'accept-language' => 'zh-CN,zh;q=0.8',
  'cookie' => 'thinkphp_show_page_trace=0|0; PHPSESSID=f1dqubfs3i2qs7l2pfgks26a05; thinkphp_show_page_trace=0|0',
)
[ info ] [ PARAM ] array (
)
[ info ] [ RUN ] app\index\controller\Course->courseList[ D:\wamp6\wamp64\www\recruit\application\index\controller\Course.php ]
[ info ] [ VIEW ] D:\wamp6\wamp64\www\recruit\public/../application/index\view\course\courselist.html [ array (
  0 => 'nav',
) ]
[ info ] [ LOG ] INIT File
---------------------------------------------------------------
[ 2017-12-21T00:22:42+08:00 ] 127.0.0.1 127.0.0.1 GET /index/index/index.html
[ info ] www.pro.com/index/index/index.html [运行时间：0.069004s][吞吐率：14.49req/s] [内存消耗：2,642.89kb] [文件加载：39]
[ info ] [ LANG ] D:\wamp6\wamp64\www\recruit\thinkphp\lang\zh-cn.php
[ info ] [ ROUTE ] array (
  'type' => 'module',
  'module' => 
  array (
    0 => 'index',
    1 => 'index',
    2 => 'index',
  ),
)
[ info ] [ HEADER ] array (
  'host' => 'www.pro.com',
  'connection' => 'keep-alive',
  'accept' => 'text/html,application/xhtml+xml,application/xml;q=0.9,image/webp,*/*;q=0.8',
  'upgrade-insecure-requests' => '1',
  'user-agent' => 'Mozilla/5.0 (Windows NT 6.1; WOW64) AppleWebKit/537.36 (KHTML, like Gecko) Chrome/49.0.2623.221 Safari/537.36 SE 2.X MetaSr 1.0',
  'referer' => 'http://www.pro.com/index/course/courselist.html',
  'accept-encoding' => 'gzip, deflate, sdch',
  'accept-language' => 'zh-CN,zh;q=0.8',
  'cookie' => 'thinkphp_show_page_trace=0|0; PHPSESSID=f1dqubfs3i2qs7l2pfgks26a05; thinkphp_show_page_trace=0|0',
)
[ info ] [ PARAM ] array (
)
[ info ] [ RUN ] app\index\controller\Index->index[ D:\wamp6\wamp64\www\recruit\application\index\controller\Index.php ]
[ info ] [ VIEW ] D:\wamp6\wamp64\www\recruit\public/../application/index\view\index\index.html [ array (
  0 => 'nav',
) ]
[ info ] [ LOG ] INIT File
---------------------------------------------------------------
[ 2017-12-21T00:22:46+08:00 ] 127.0.0.1 127.0.0.1 GET /index/course/courselist.html
[ info ] www.pro.com/index/course/courselist.html [运行时间：0.069004s][吞吐率：14.49req/s] [内存消耗：2,643.91kb] [文件加载：39]
[ info ] [ LANG ] D:\wamp6\wamp64\www\recruit\thinkphp\lang\zh-cn.php
[ info ] [ ROUTE ] array (
  'type' => 'module',
  'module' => 
  array (
    0 => 'index',
    1 => 'course',
    2 => 'courselist',
  ),
)
[ info ] [ HEADER ] array (
  'host' => 'www.pro.com',
  'connection' => 'keep-alive',
  'accept' => 'text/html,application/xhtml+xml,application/xml;q=0.9,image/webp,*/*;q=0.8',
  'upgrade-insecure-requests' => '1',
  'user-agent' => 'Mozilla/5.0 (Windows NT 6.1; WOW64) AppleWebKit/537.36 (KHTML, like Gecko) Chrome/49.0.2623.221 Safari/537.36 SE 2.X MetaSr 1.0',
  'referer' => 'http://www.pro.com/index/index/index.html',
  'accept-encoding' => 'gzip, deflate, sdch',
  'accept-language' => 'zh-CN,zh;q=0.8',
  'cookie' => 'thinkphp_show_page_trace=0|0; PHPSESSID=f1dqubfs3i2qs7l2pfgks26a05; thinkphp_show_page_trace=0|0',
)
[ info ] [ PARAM ] array (
)
[ info ] [ RUN ] app\index\controller\Course->courseList[ D:\wamp6\wamp64\www\recruit\application\index\controller\Course.php ]
[ info ] [ VIEW ] D:\wamp6\wamp64\www\recruit\public/../application/index\view\course\courselist.html [ array (
  0 => 'nav',
) ]
[ info ] [ LOG ] INIT File
---------------------------------------------------------------
[ 2017-12-21T00:22:47+08:00 ] 127.0.0.1 127.0.0.1 GET /index/job/joblist.html
[ info ] www.pro.com/index/job/joblist.html [运行时间：0.069004s][吞吐率：14.49req/s] [内存消耗：2,643.02kb] [文件加载：39]
[ info ] [ LANG ] D:\wamp6\wamp64\www\recruit\thinkphp\lang\zh-cn.php
[ info ] [ ROUTE ] array (
  'type' => 'module',
  'module' => 
  array (
    0 => 'index',
    1 => 'job',
    2 => 'joblist',
  ),
)
[ info ] [ HEADER ] array (
  'host' => 'www.pro.com',
  'connection' => 'keep-alive',
  'accept' => 'text/html,application/xhtml+xml,application/xml;q=0.9,image/webp,*/*;q=0.8',
  'upgrade-insecure-requests' => '1',
  'user-agent' => 'Mozilla/5.0 (Windows NT 6.1; WOW64) AppleWebKit/537.36 (KHTML, like Gecko) Chrome/49.0.2623.221 Safari/537.36 SE 2.X MetaSr 1.0',
  'referer' => 'http://www.pro.com/index/course/courselist.html',
  'accept-encoding' => 'gzip, deflate, sdch',
  'accept-language' => 'zh-CN,zh;q=0.8',
  'cookie' => 'thinkphp_show_page_trace=0|0; PHPSESSID=f1dqubfs3i2qs7l2pfgks26a05; thinkphp_show_page_trace=0|0',
)
[ info ] [ PARAM ] array (
)
[ info ] [ RUN ] app\index\controller\Job->JobList[ D:\wamp6\wamp64\www\recruit\application\index\controller\Job.php ]
[ info ] [ VIEW ] D:\wamp6\wamp64\www\recruit\public/../application/index\view\job\joblist.html [ array (
  0 => 'nav',
) ]
[ info ] [ LOG ] INIT File
---------------------------------------------------------------
[ 2017-12-21T00:22:56+08:00 ] 127.0.0.1 127.0.0.1 GET /index/index/index.html
[ info ] www.pro.com/index/index/index.html [运行时间：0.067003s][吞吐率：14.92req/s] [内存消耗：2,642.93kb] [文件加载：39]
[ info ] [ LANG ] D:\wamp6\wamp64\www\recruit\thinkphp\lang\zh-cn.php
[ info ] [ ROUTE ] array (
  'type' => 'module',
  'module' => 
  array (
    0 => 'index',
    1 => 'index',
    2 => 'index',
  ),
)
[ info ] [ HEADER ] array (
  'host' => 'www.pro.com',
  'connection' => 'keep-alive',
  'accept' => 'text/html,application/xhtml+xml,application/xml;q=0.9,image/webp,*/*;q=0.8',
  'upgrade-insecure-requests' => '1',
  'user-agent' => 'Mozilla/5.0 (Windows NT 6.1; WOW64) AppleWebKit/537.36 (KHTML, like Gecko) Chrome/49.0.2623.221 Safari/537.36 SE 2.X MetaSr 1.0',
  'referer' => 'http://www.pro.com/index/job/joblist.html',
  'accept-encoding' => 'gzip, deflate, sdch',
  'accept-language' => 'zh-CN,zh;q=0.8',
  'cookie' => 'thinkphp_show_page_trace=0|0; PHPSESSID=f1dqubfs3i2qs7l2pfgks26a05; thinkphp_show_page_trace=0|0',
)
[ info ] [ PARAM ] array (
)
[ info ] [ RUN ] app\index\controller\Index->index[ D:\wamp6\wamp64\www\recruit\application\index\controller\Index.php ]
[ info ] [ VIEW ] D:\wamp6\wamp64\www\recruit\public/../application/index\view\index\index.html [ array (
  0 => 'nav',
) ]
[ info ] [ LOG ] INIT File
